\BOOKMARK [0][-]{chapter.0}{\376\377\213\376\172\013\211\201\154\102}{}% 1
\BOOKMARK [0][-]{chapter.1}{\376\377\000W\000e\000e\000k\000\040\000\040\0001}{}% 2
\BOOKMARK [1][-]{section.1.1}{\376\377\131\015\145\160\166\204\137\025\121\145}{chapter.1}% 3
\BOOKMARK [1][-]{section.1.2}{\376\377\131\015\145\160\166\204\127\372\147\054\140\047\215\050}{chapter.1}% 4
\BOOKMARK [1][-]{section.1.3}{\376\377\213\376\130\002\117\213\230\230\0002\0000\0002\0004\000-\0000\0002\000-\0002\0006}{chapter.1}% 5
\BOOKMARK [1][-]{section.1.4}{\376\377\131\015\145\160\127\337\000C\000\040\116\012\166\204\142\323\142\121\151\202\137\365\000\046\000\040\140\047\215\050}{chapter.1}% 6
\BOOKMARK [1][-]{section.1.5}{\376\377\213\376\130\002\117\213\230\230\0002\0000\0002\0004\000-\0000\0003\000-\0000\0001}{chapter.1}% 7
\BOOKMARK [0][-]{chapter.2}{\376\377\000W\000e\000e\000k\000\040\000\040\0002\000\040\000\040\040\023\000\040\000\040\000F\000u\000n\000c\000t\000i\000o\000n\000s\000\040\000\040\000o\000n\000\040\000\040\000C}{}% 8
\BOOKMARK [1][-]{section.2.1}{\376\377\217\336\176\355\121\375\145\160\124\214\147\201\120\074}{chapter.2}% 9
\BOOKMARK [1][-]{section.2.2}{\376\377\131\015\123\330\121\375\145\160\166\204\147\201\226\120\377\014\121\150\176\257\121\375\145\160}{chapter.2}% 10
\BOOKMARK [1][-]{section.2.3}{\376\377\000C\000a\000u\000c\000h\000y\000\040\000-\000\040\000R\000i\000e\000m\000a\000n\000n\000\040\000\040\000E\000q\000u\000a\000t\000i\000o\000n\000s}{chapter.2}% 11
\BOOKMARK [1][-]{section.2.4}{\376\377\121\150\176\257\147\141\116\366}{chapter.2}% 12
\BOOKMARK [1][-]{section.2.5}{\376\377\131\015\123\330\121\375\145\160\137\256\122\006}{chapter.2}% 13
\BOOKMARK [1][-]{section.2.6}{\376\377\213\376\130\002\117\213\230\230\0002\0000\0002\0004\000-\0000\0003\000-\0000\0008}{chapter.2}% 14
\BOOKMARK [0][-]{chapter.3}{\376\377\000W\000e\000e\000k\000\040\000\040\0003}{}% 15
\BOOKMARK [1][-]{section.3.1}{\376\377\136\102\176\247\145\160\377\014\211\343\147\220\121\375\145\160\377\014\131\015\133\371\145\160}{chapter.3}% 16
\BOOKMARK [1][-]{section.3.2}{\376\377\213\376\130\002\117\213\230\230\0002\0000\0002\0004\000-\0000\0003\000-\0001\0001}{chapter.3}% 17
\BOOKMARK [1][-]{section.3.3}{\376\377\131\015\133\371\145\160\166\204\140\047\215\050}{chapter.3}% 18
\BOOKMARK [1][-]{section.3.4}{\376\377\220\123\215\357}{chapter.3}% 19
\BOOKMARK [1][-]{section.3.5}{\376\377\213\376\130\002\117\213\230\230\0002\0000\0002\0004\000-\0000\0003\000-\0001\0005}{chapter.3}% 20
\BOOKMARK [0][-]{chapter.4}{\376\377\000W\000e\000e\000k\000\040\000\040\0004}{}% 21
\BOOKMARK [1][-]{section.4.1}{\376\377\146\362\176\277\171\357\122\006}{chapter.4}% 22
\BOOKMARK [1][-]{section.4.2}{\376\377\213\376\130\002\117\213\230\230\0002\0000\0002\0004\000-\0000\0003\000-\0001\0008}{chapter.4}% 23
\BOOKMARK [1][-]{section.4.3}{\376\377\000C\000a\000u\000c\000h\000y\000'\000s\000\040\000\040\000T\000h\000e\000o\000r\000e\000m}{chapter.4}% 24
\BOOKMARK [1][-]{section.4.4}{\376\377\213\376\130\002\117\213\230\230\0002\0000\0002\0004\000-\0000\0003\000-\0002\0002}{chapter.4}% 25
\BOOKMARK [0][-]{chapter.5}{\376\377\000W\000e\000e\000k\000\040\000\040\0005}{}% 26
\BOOKMARK [1][-]{section.5.1}{\376\377\225\355\215\357\123\330\137\142\123\237\164\006}{chapter.5}% 27
\BOOKMARK [1][-]{section.5.2}{\376\377\000C\000a\000u\000c\000h\000y\000\040\000\040\000I\000n\000t\000e\000g\000r\000a\000l\000\040\000\040\000F\000o\000r\000m\000u\000l\000a\000s}{chapter.5}% 28
\BOOKMARK [1][-]{section.5.3}{\376\377\213\376\130\002\117\213\230\230\0002\0000\0002\0004\000-\0000\0003\000-\0002\0005}{chapter.5}% 29
\BOOKMARK [1][-]{section.5.4}{\376\377\000S\000e\000q\000u\000e\000n\000c\000e\000\040\000\040\000o\000f\000\040\000\040\000f\000u\000n\000c\000t\000i\000o\000n\000s}{chapter.5}% 30
\BOOKMARK [1][-]{section.5.5}{\376\377\213\376\130\002\117\213\230\230\0002\0000\0002\0004\000-\0000\0003\000-\0002\0009}{chapter.5}% 31
\BOOKMARK [0][-]{chapter.6}{\376\377\000W\000e\000e\000k\000\040\000\040\0006}{}% 32
\BOOKMARK [1][-]{section.6.1}{\376\377\213\376\130\002\117\213\230\230\0002\0000\0002\0004\000-\0000\0004\000-\0000\0001}{chapter.6}% 33
\BOOKMARK [1][-]{section.6.2}{\376\377\121\375\145\160\230\171\176\247\145\160\377\014\121\150\176\257\121\375\145\160\211\343\147\220}{chapter.6}% 34
\BOOKMARK [1][-]{section.6.3}{\376\377\211\343\147\220\136\366\142\323}{chapter.6}% 35
\BOOKMARK [1][-]{section.6.4}{\376\377\133\371\171\360\123\237\164\006}{chapter.6}% 36
\BOOKMARK [1][-]{section.6.5}{\376\377\213\376\130\002\117\213\230\230\0002\0000\0002\0004\000-\0000\0004\000-\0000\0007}{chapter.6}% 37
\BOOKMARK [0][-]{chapter.7}{\376\377\000W\000e\000e\000k\000\040\000\040\0007}{}% 38
\BOOKMARK [1][-]{section.7.1}{\376\377\226\366\160\271\377\014\147\201\160\271\377\014\165\131\145\160}{chapter.7}% 39
\BOOKMARK [1][-]{section.7.2}{\376\377\000L\000a\000u\000r\000e\000n\000t\000\040\000\040\000S\000e\000r\000i\000e\000s\000\040\000\040\000E\000x\000p\000a\000n\000s\000i\000o\000n}{chapter.7}% 40
\BOOKMARK [1][-]{section.7.3}{\376\377\213\376\130\002\117\213\230\230\0002\0000\0002\0004\000-\0000\0004\000-\0000\0008}{chapter.7}% 41
\BOOKMARK [1][-]{section.7.4}{\376\377\000R\000e\000s\000i\000d\000u\000e\000\040\000\040\000F\000o\000r\000m\000u\000l\000a}{chapter.7}% 42
\BOOKMARK [1][-]{section.7.5}{\376\377\213\376\130\002\117\213\230\230\0002\0000\0002\0004\000-\0000\0004\000-\0001\0002}{chapter.7}% 43
\BOOKMARK [0][-]{chapter.8}{\376\377\000W\000e\000e\000k\000\040\000\040\0008}{}% 44
\BOOKMARK [1][-]{section.8.1}{\376\377\127\107\120\074\133\232\164\006}{chapter.8}% 45
\BOOKMARK [1][-]{section.8.2}{\376\377\131\107\160\271}{chapter.8}% 46
\BOOKMARK [2][-]{subsection.8.2.1}{\376\377\000C\000l\000a\000s\000s\000i\000f\000i\000c\000a\000t\000i\000o\000n\000\040\000\040\000o\000f\000\040\000\040\000i\000s\000o\000l\000a\000t\000e\000d\000\040\000\040\000s\000i\000n\000g\000u\000l\000a\000r\000i\000t\000i\000e\000s}{section.8.2}% 47
\BOOKMARK [1][-]{section.8.3}{\376\377\133\144\172\313\131\107\160\271\166\204\173\111\116\367\122\073\165\073}{chapter.8}% 48
\BOOKMARK [2][-]{subsection.8.3.1}{\376\377\000R\000e\000m\000o\000v\000a\000b\000l\000e\000\040\000\040\000S\000i\000n\000g\000u\000l\000a\000r\000i\000t\000y}{section.8.3}% 49
\BOOKMARK [2][-]{subsection.8.3.2}{\376\377\000P\000o\000l\000e}{section.8.3}% 50
\BOOKMARK [2][-]{subsection.8.3.3}{\376\377\000E\000s\000s\000e\000n\000t\000i\000a\000l\000\040\000\040\000S\000i\000n\000g\000u\000l\000a\000r\000i\000t\000y}{section.8.3}% 51
\BOOKMARK [1][-]{section.8.4}{\376\377\213\376\130\002\117\213\230\230\0002\0000\0002\0004\000-\0000\0004\000-\0001\0005}{chapter.8}% 52
\BOOKMARK [1][-]{section.8.5}{\376\377\147\054\140\047\131\107\160\271\226\104\217\321\166\204\116\015\172\063\133\232\140\047}{chapter.8}% 53
\BOOKMARK [2][-]{subsection.8.5.1}{\376\377\000C\000a\000s\000o\000r\000a\000t\000i\000-\000W\000e\000i\000e\000r\000s\000t\000r\000a\000s\000s\000\040\133\232\164\006}{section.8.5}% 54
\BOOKMARK [2][-]{subsection.8.5.2}{\376\377\000P\000i\000c\000a\000r\000d\000\040\133\232\164\006}{section.8.5}% 55
\BOOKMARK [1][-]{section.8.6}{\376\377\116\232\176\257\121\375\145\160\377\014\142\151\121\105\131\015\136\163\227\142\377\014\145\340\172\167\217\334\131\004\133\144\172\313\131\107\160\271}{chapter.8}% 56
\BOOKMARK [2][-]{subsection.8.6.1}{\376\377\116\232\176\257\121\375\145\160}{section.8.6}% 57
\BOOKMARK [2][-]{subsection.8.6.2}{\376\377\142\151\121\105\131\015\136\163\227\142}{section.8.6}% 58
\BOOKMARK [2][-]{subsection.8.6.3}{\376\377\145\340\172\167\217\334\131\004\133\144\172\313\131\107\160\271}{section.8.6}% 59
\BOOKMARK [1][-]{section.8.7}{\376\377\213\376\130\002\117\213\230\230\0002\0000\0002\0004\000-\0000\0004\000-\0001\0009}{chapter.8}% 60
\BOOKMARK [0][-]{chapter.9}{\376\377\000W\000e\000e\000k\000\040\000\040\0009}{}% 61
\BOOKMARK [1][-]{section.9.1}{\376\377\142\151\121\105\131\015\136\163\227\142\000\040\116\012\116\232\176\257\121\375\145\160\166\204\122\073\165\073}{chapter.9}% 62
\BOOKMARK [1][-]{section.9.2}{\376\377\217\220\211\322\123\237\164\006\377\014\000R\000o\000u\000c\000h\000\351\000'\000s\000\040\000T\000h\000e\000o\000r\000e\000m}{chapter.9}% 63
\BOOKMARK [2][-]{subsection.9.2.1}{\376\377\000T\000h\000e\000\040\000\040\000A\000r\000g\000u\000m\000e\000n\000t\000\040\000\040\000P\000r\000i\000n\000c\000i\000p\000l\000e}{section.9.2}% 64
\BOOKMARK [2][-]{subsection.9.2.2}{\376\377\000R\000o\000u\000c\000h\000\351\000'\000s\000\040\000T\000h\000e\000o\000r\000e\000m}{section.9.2}% 65
\BOOKMARK [1][-]{section.9.3}{\376\377\213\376\130\002\117\213\230\230\0002\0000\0002\0004\000-\0000\0004\000-\0002\0002}{chapter.9}% 66
\BOOKMARK [0][-]{chapter.11}{\376\377\000W\000e\000e\000k\000\040\000\040\0001\0001}{}% 67
\BOOKMARK [1][-]{section.11.1}{\376\377\000R\000o\000u\000c\000h\000\351\000'\000s\000\040\000T\000h\000e\000o\000r\000e\000m\000\040\166\204\146\364\137\072\143\250\213\272}{chapter.11}% 68
\BOOKMARK [1][-]{section.11.2}{\376\377\000O\000p\000e\000n\000\040\000\040\000M\000a\000p\000p\000i\000n\000g\000\040\000\040\000T\000h\000e\000o\000r\000e\000m\000\040\000\040\000\046\000\046\000\040\000\040\000M\000a\000x\000i\000m\000u\000m\000\040\000\040\000M\000o\000d\000u\000l\000u\000s\000\040\000\040\000P\000r\000i\000n\000c\000i\000p\000l\000e}{chapter.11}% 69
\BOOKMARK [2][-]{subsection.11.2.1}{\376\377\137\000\146\040\134\004\133\232\164\006}{section.11.2}% 70
\BOOKMARK [2][-]{subsection.11.2.2}{\376\377\147\000\131\047\152\041\123\237\164\006}{section.11.2}% 71
\BOOKMARK [1][-]{section.11.3}{\376\377\000S\000c\000h\000w\000a\000r\000t\000z\000\040\000\040\000L\000e\000m\000m\000a}{chapter.11}% 72
\BOOKMARK [1][-]{section.11.4}{\376\377\000E\000x\000e\000r\000c\000i\000s\000e\000\040\0002\0000\0002\0004\000-\0000\0005\000-\0000\0006}{chapter.11}% 73
\BOOKMARK [0][-]{chapter.12}{\376\377\000W\000e\000e\000k\000\040\000\040\0001\0002}{}% 74
\BOOKMARK [1][-]{section.12.1}{\376\377\131\015\133\371\145\160}{chapter.12}% 75
\BOOKMARK [1][-]{section.12.2}{\376\377\000C\000o\000n\000f\000o\000r\000m\000a\000l\000\040\000\040\000M\000a\000p\000p\000i\000n\000g\000s}{chapter.12}% 76
\BOOKMARK [1][-]{section.12.3}{\376\377\116\012\123\112\136\163\227\142\000H\000\040\122\060\000D\000\040\166\204\121\161\137\142\146\040\134\004}{chapter.12}% 77
\BOOKMARK [1][-]{section.12.4}{\376\377\000E\000x\000e\000r\000c\000i\000s\000e\000\040\0002\0000\0002\0004\000-\0000\0005\000-\0001\0003}{chapter.12}% 78
\BOOKMARK [0][-]{chapter.13}{\376\377\000W\000e\000e\000k\000\040\000\040\0001\0003}{}% 79
\BOOKMARK [1][-]{section.13.1}{\376\377\000A\000u\000t\000o\000m\000o\000r\000p\000h\000i\000s\000m\000s\000\040\000o\000f\000\040\000D\000\040\000,\000\040\000\040\000C\000,\000\040\000\040\000H}{chapter.13}% 80
\BOOKMARK [1][-]{section.13.2}{\376\377\000A\000u\000t\000o\000m\000o\000r\000p\000h\000i\000s\000m\000s\000\040\000o\000f\000\040\000D}{chapter.13}% 81
\BOOKMARK [2][-]{subsection.13.2.1}{\376\377\000T\000h\000e\000\040\000\040\000B\000l\000a\000s\000c\000h\000k\000e\000\040\000\040\000F\000a\000c\000t\000o\000r\000s}{section.13.2}% 82
\BOOKMARK [2][-]{subsection.13.2.2}{\376\377\000A\000u\000t\000o\000m\000o\000r\000p\000h\000i\000s\000m\000s\000\040\000o\000f\000\040\000D}{section.13.2}% 83
\BOOKMARK [1][-]{section.13.3}{\376\377\000A\000u\000t\000o\000m\000o\000r\000p\000h\000i\000s\000m\000s\000\040\000o\000f\000\040\000C}{chapter.13}% 84
\BOOKMARK [1][-]{section.13.4}{\376\377\000E\000x\000e\000r\000c\000i\000s\000e\000\040\0002\0000\0002\0004\000-\0000\0005\000-\0002\0000}{chapter.13}% 85
\BOOKMARK [0][-]{chapter.14}{\376\377\000W\000e\000e\000k\000\040\000\040\0001\0004}{}% 86
\BOOKMARK [1][-]{section.14.1}{\376\377\000A\000u\000t\000o\000m\000o\000r\000p\000h\000i\000s\000m\000s\000\040\000o\000f\000\040\000H}{chapter.14}% 87
\BOOKMARK [2][-]{subsection.14.1.1}{\376\377\000M\000\366\000b\000i\000u\000s\000\040\000T\000r\000a\000n\000s\000f\000o\000r\000m\000s\000\040\000/\000\040\000F\000r\000a\000c\000t\000i\000o\000n\000a\000l\000\040\000L\000i\000n\000e\000a\000r\000\040\000T\000r\000a\000n\000s\000f\000o\000r\000m\000s\000\040\000\050\122\006\137\017\176\277\140\047\123\330\143\142\000\051}{section.14.1}% 88
\BOOKMARK [2][-]{subsection.14.1.2}{\376\377\000A\000u\000t\000o\000m\000o\000r\000p\000h\000i\000s\000m\000s\000\040\000o\000f\000\040\000H}{section.14.1}% 89
\BOOKMARK [0][-]{appendix.A}{\376\377\000L\000'\000H\000s\000p\000i\000t\000a\000l\000'\000s\000\040\000\040\000R\000u\000l\000e}{}% 90
\BOOKMARK [1][-]{section.A.1}{\376\377\137\061\123\026\162\110\147\054}{appendix.A}% 91
