This is XeTeX, Version 3.141592653-2.6-0.999994 (TeX Live 2022) (preloaded format=xelatex 2022.11.9)  24 MAR 2024 23:25
entering extended mode
 \write18 enabled.
 %&-line parsing enabled.
**main.tex
(./main.tex
LaTeX2e <2021-11-15> patch level 1
L3 programming layer <2022-02-24> (./config/config.tex
(e:/Latex/texlive/2022/texmf-dist/tex/latex/ctex/ctexbook.cls
(e:/Latex/texlive/2022/texmf-dist/tex/latex/ctex/config/ctexbackend.cfg
File: ctexbackend.cfg 2021/12/12 v2.5.8 Backend configuration file (CTEX)
)
(e:/Latex/texlive/2022/texmf-dist/tex/latex/l3kernel/expl3.sty
Package: expl3 2022-02-24 L3 programming layer (loader) 

(e:/Latex/texlive/2022/texmf-dist/tex/latex/l3backend/l3backend-xetex.def
File: l3backend-xetex.def 2022-02-07 L3 backend support: XeTeX

(|extractbb --version)
\c__kernel_sys_dvipdfmx_version_int=\count181
\l__color_backend_stack_int=\count182
\g__color_backend_stack_int=\count183
\g__graphics_track_int=\count184
\l__pdf_internal_box=\box50
\g__pdf_backend_object_int=\count185
\g__pdf_backend_annotation_int=\count186
\g__pdf_backend_link_int=\count187
))
Document Class: ctexbook 2021/12/12 v2.5.8 Chinese adapter for class book (CTEX
)
(e:/Latex/texlive/2022/texmf-dist/tex/latex/l3packages/xparse/xparse.sty
Package: xparse 2022-01-12 L3 Experimental document command parser
)
(e:/Latex/texlive/2022/texmf-dist/tex/latex/l3packages/l3keys2e/l3keys2e.sty
Package: l3keys2e 2022-01-12 LaTeX2e option processing using LaTeX3 keys
)
(e:/Latex/texlive/2022/texmf-dist/tex/latex/ctex/ctexhook.sty
Package: ctexhook 2021/12/12 v2.5.8 Document and package hooks (CTEX)
)
(e:/Latex/texlive/2022/texmf-dist/tex/latex/ctex/ctexpatch.sty
Package: ctexpatch 2021/12/12 v2.5.8 Patching commands (CTEX)
)
(e:/Latex/texlive/2022/texmf-dist/tex/latex/base/fix-cm.sty
Package: fix-cm 2020/11/24 v1.1t fixes to LaTeX

(e:/Latex/texlive/2022/texmf-dist/tex/latex/base/ts1enc.def
File: ts1enc.def 2001/06/05 v3.0e (jk/car/fm) Standard LaTeX file
LaTeX Font Info:    Redeclaring font encoding TS1 on input line 47.
))
\l__ctex_tmp_int=\count188
\l__ctex_tmp_box=\box51
\l__ctex_tmp_dim=\dimen138
\g__ctex_section_depth_int=\count189
\g__ctex_font_size_int=\count190

(e:/Latex/texlive/2022/texmf-dist/tex/latex/ctex/config/ctexopts.cfg
File: ctexopts.cfg 2021/12/12 v2.5.8 Option configuration file (CTEX)
)
(e:/Latex/texlive/2022/texmf-dist/tex/latex/base/book.cls
Document Class: book 2021/10/04 v1.4n Standard LaTeX document class
(e:/Latex/texlive/2022/texmf-dist/tex/latex/base/bk12.clo
File: bk12.clo 2021/10/04 v1.4n Standard LaTeX file (size option)
)
\c@part=\count191
\c@chapter=\count192
\c@section=\count193
\c@subsection=\count194
\c@subsubsection=\count195
\c@paragraph=\count196
\c@subparagraph=\count197
\c@figure=\count198
\c@table=\count199
\abovecaptionskip=\skip47
\belowcaptionskip=\skip48
\bibindent=\dimen139
)
(e:/Latex/texlive/2022/texmf-dist/tex/latex/ctex/engine/ctex-engine-xetex.def
File: ctex-engine-xetex.def 2021/12/12 v2.5.8 XeLaTeX adapter (CTEX)

(e:/Latex/texlive/2022/texmf-dist/tex/xelatex/xecjk/xeCJK.sty
Package: xeCJK 2021/12/12 v3.8.8 Typesetting CJK scripts with XeLaTeX

(e:/Latex/texlive/2022/texmf-dist/tex/latex/l3packages/xtemplate/xtemplate.sty
Package: xtemplate 2022-01-12 L3 Experimental prototype document functions
\l__xtemplate_tmp_dim=\dimen140
\l__xtemplate_tmp_int=\count266
\l__xtemplate_tmp_muskip=\muskip16
\l__xtemplate_tmp_skip=\skip49
)
\l__xeCJK_tmp_int=\count267
\l__xeCJK_tmp_box=\box52
\l__xeCJK_tmp_dim=\dimen141
\l__xeCJK_tmp_skip=\skip50
\g__xeCJK_space_factor_int=\count268
\l__xeCJK_begin_int=\count269
\l__xeCJK_end_int=\count270
\c__xeCJK_CJK_class_int=\XeTeXcharclass1
\c__xeCJK_FullLeft_class_int=\XeTeXcharclass2
\c__xeCJK_FullRight_class_int=\XeTeXcharclass3
\c__xeCJK_HalfLeft_class_int=\XeTeXcharclass4
\c__xeCJK_HalfRight_class_int=\XeTeXcharclass5
\c__xeCJK_NormalSpace_class_int=\XeTeXcharclass6
\c__xeCJK_CM_class_int=\XeTeXcharclass7
\c__xeCJK_HangulJamo_class_int=\XeTeXcharclass8
\l__xeCJK_last_skip=\skip51
\g__xeCJK_node_int=\count271
\c__xeCJK_CJK_node_dim=\dimen142
\c__xeCJK_CJK-space_node_dim=\dimen143
\c__xeCJK_default_node_dim=\dimen144
\c__xeCJK_default-space_node_dim=\dimen145
\c__xeCJK_CJK-widow_node_dim=\dimen146
\c__xeCJK_normalspace_node_dim=\dimen147
\l__xeCJK_ccglue_skip=\skip52
\l__xeCJK_ecglue_skip=\skip53
\l__xeCJK_punct_kern_skip=\skip54
\l__xeCJK_last_penalty_int=\count272
\l__xeCJK_last_bound_dim=\dimen148
\l__xeCJK_last_kern_dim=\dimen149
\l__xeCJK_widow_penalty_int=\count273

Package xtemplate Info: Declaring object type 'xeCJK/punctuation' taking 0
(xtemplate)             argument(s) on line 2337.

\l__xeCJK_fixed_punct_width_dim=\dimen150
\l__xeCJK_mixed_punct_width_dim=\dimen151
\l__xeCJK_middle_punct_width_dim=\dimen152
\l__xeCJK_fixed_margin_width_dim=\dimen153
\l__xeCJK_mixed_margin_width_dim=\dimen154
\l__xeCJK_middle_margin_width_dim=\dimen155
\l__xeCJK_bound_punct_width_dim=\dimen156
\l__xeCJK_bound_margin_width_dim=\dimen157
\l__xeCJK_margin_minimum_dim=\dimen158
\l__xeCJK_kerning_total_width_dim=\dimen159
\l__xeCJK_same_align_margin_dim=\dimen160
\l__xeCJK_different_align_margin_dim=\dimen161
\l__xeCJK_kerning_margin_width_dim=\dimen162
\l__xeCJK_kerning_margin_minimum_dim=\dimen163
\l__xeCJK_bound_dim=\dimen164
\l__xeCJK_reverse_bound_dim=\dimen165
\l__xeCJK_margin_dim=\dimen166
\l__xeCJK_minimum_bound_dim=\dimen167
\l__xeCJK_kerning_margin_dim=\dimen168
\g__xeCJK_family_int=\count274
\l__xeCJK_fam_int=\count275
\g__xeCJK_fam_allocation_int=\count276
\l__xeCJK_verb_case_int=\count277
\l__xeCJK_verb_exspace_skip=\skip55
(e:/Latex/texlive/2022/texmf-dist/tex/latex/fontspec/fontspec.sty
Package: fontspec 2022/01/15 v2.8a Font selection for XeLaTeX and LuaLaTeX

(e:/Latex/texlive/2022/texmf-dist/tex/latex/fontspec/fontspec-xetex.sty
Package: fontspec-xetex 2022/01/15 v2.8a Font selection for XeLaTeX and LuaLaTe
X
\l__fontspec_script_int=\count278
\l__fontspec_language_int=\count279
\l__fontspec_strnum_int=\count280
\l__fontspec_tmp_int=\count281
\l__fontspec_tmpa_int=\count282
\l__fontspec_tmpb_int=\count283
\l__fontspec_tmpc_int=\count284
\l__fontspec_em_int=\count285
\l__fontspec_emdef_int=\count286
\l__fontspec_strong_int=\count287
\l__fontspec_strongdef_int=\count288
\l__fontspec_tmpa_dim=\dimen169
\l__fontspec_tmpb_dim=\dimen170
\l__fontspec_tmpc_dim=\dimen171

(e:/Latex/texlive/2022/texmf-dist/tex/latex/base/fontenc.sty
Package: fontenc 2021/04/29 v2.0v Standard LaTeX package
)
(e:/Latex/texlive/2022/texmf-dist/tex/latex/fontspec/fontspec.cfg)))
(e:/Latex/texlive/2022/texmf-dist/tex/xelatex/xecjk/xeCJK.cfg
File: xeCJK.cfg 2021/12/12 v3.8.8 Configuration file for xeCJK package
))
\ccwd=\dimen172
\l__ctex_ccglue_skip=\skip56
)
\l__ctex_ziju_dim=\dimen173

(e:/Latex/texlive/2022/texmf-dist/tex/latex/zhnumber/zhnumber.sty
Package: zhnumber 2020/05/01 v2.8 Typesetting numbers with Chinese glyphs
\l__zhnum_scale_int=\count289

(e:/Latex/texlive/2022/texmf-dist/tex/latex/zhnumber/zhnumber-utf8.cfg
File: zhnumber-utf8.cfg 2020/05/01 v2.8 Chinese numerals with UTF8 encoding
))
\l__ctex_heading_skip=\skip57

(e:/Latex/texlive/2022/texmf-dist/tex/latex/ctex/scheme/ctex-scheme-chinese-boo
k.def
File: ctex-scheme-chinese-book.def 2021/12/12 v2.5.8 Chinese scheme for book (C
TEX)

(e:/Latex/texlive/2022/texmf-dist/tex/latex/ctex/config/ctex-name-utf8.cfg
File: ctex-name-utf8.cfg 2021/12/12 v2.5.8 Caption with encoding UTF-8 (CTEX)
))
(e:/Latex/texlive/2022/texmf-dist/tex/latex/ctex/fontset/ctex-fontset-windows.d
ef
File: ctex-fontset-windows.def 2021/12/12 v2.5.8 Windows fonts definition (CTEX
)

Package fontspec Info: Could not resolve font "KaiTi/B" (it probably doesn't
(fontspec)             exist).


Package fontspec Info: Could not resolve font "SimHei/I" (it probably doesn't
(fontspec)             exist).


Package fontspec Info: Could not resolve font "SimSun/BI" (it probably doesn't
(fontspec)             exist).


Package fontspec Info: Font family 'SimSun(0)' created for font 'SimSun' with
(fontspec)             options
(fontspec)             [Script={CJK},BoldFont={SimHei},ItalicFont={KaiTi}].
(fontspec)              
(fontspec)              This font family consists of the following NFSS
(fontspec)             series/shapes:
(fontspec)              
(fontspec)             - 'normal' (m/n) with NFSS spec.:
(fontspec)             <->"SimSun/OT:script=hani;language=dflt;"
(fontspec)             - 'small caps'  (m/sc) with NFSS spec.: 
(fontspec)             - 'bold' (b/n) with NFSS spec.:
(fontspec)             <->"SimHei/OT:script=hani;language=dflt;"
(fontspec)             - 'bold small caps'  (b/sc) with NFSS spec.: 
(fontspec)             - 'italic' (m/it) with NFSS spec.:
(fontspec)             <->"KaiTi/OT:script=hani;language=dflt;"
(fontspec)             - 'italic small caps'  (m/scit) with NFSS spec.: 

)) (e:/Latex/texlive/2022/texmf-dist/tex/latex/ctex/config/ctex.cfg
File: ctex.cfg 2021/12/12 v2.5.8 Configuration file (CTEX)
)
(e:/Latex/texlive/2022/texmf-dist/tex/latex/xcolor/xcolor.sty
Package: xcolor 2021/10/31 v2.13 LaTeX color extensions (UK)

(e:/Latex/texlive/2022/texmf-dist/tex/latex/graphics-cfg/color.cfg
File: color.cfg 2016/01/02 v1.6 sample color configuration
)
Package xcolor Info: Driver file: xetex.def on input line 227.

(e:/Latex/texlive/2022/texmf-dist/tex/latex/graphics-def/xetex.def
File: xetex.def 2021/03/18 v5.0k Graphics/color driver for xetex
)
Package xcolor Info: Model `cmy' substituted by `cmy0' on input line 1352.
Package xcolor Info: Model `RGB' extended on input line 1368.
Package xcolor Info: Model `HTML' substituted by `rgb' on input line 1370.
Package xcolor Info: Model `Hsb' substituted by `hsb' on input line 1371.
Package xcolor Info: Model `tHsb' substituted by `hsb' on input line 1372.
Package xcolor Info: Model `HSB' substituted by `hsb' on input line 1373.
Package xcolor Info: Model `Gray' substituted by `gray' on input line 1374.
Package xcolor Info: Model `wave' substituted by `hsb' on input line 1375.

(e:/Latex/texlive/2022/texmf-dist/tex/latex/graphics/dvipsnam.def
File: dvipsnam.def 2016/06/17 v3.0m Driver-dependent file (DPC,SPQR)
))
(e:/Latex/texlive/2022/texmf-dist/tex/latex/amsmath/amsmath.sty
Package: amsmath 2021/10/15 v2.17l AMS math features
\@mathmargin=\skip58

For additional information on amsmath, use the `?' option.
(e:/Latex/texlive/2022/texmf-dist/tex/latex/amsmath/amstext.sty
Package: amstext 2021/08/26 v2.01 AMS text

(e:/Latex/texlive/2022/texmf-dist/tex/latex/amsmath/amsgen.sty
File: amsgen.sty 1999/11/30 v2.0 generic functions
\@emptytoks=\toks16
\ex@=\dimen174
))
(e:/Latex/texlive/2022/texmf-dist/tex/latex/amsmath/amsbsy.sty
Package: amsbsy 1999/11/29 v1.2d Bold Symbols
\pmbraise@=\dimen175
)
(e:/Latex/texlive/2022/texmf-dist/tex/latex/amsmath/amsopn.sty
Package: amsopn 2021/08/26 v2.02 operator names
)
\inf@bad=\count290
LaTeX Info: Redefining \frac on input line 234.
\uproot@=\count291
\leftroot@=\count292
LaTeX Info: Redefining \overline on input line 399.
\classnum@=\count293
\DOTSCASE@=\count294
LaTeX Info: Redefining \ldots on input line 496.
LaTeX Info: Redefining \dots on input line 499.
LaTeX Info: Redefining \cdots on input line 620.
\Mathstrutbox@=\box53
\strutbox@=\box54
\big@size=\dimen176
LaTeX Font Info:    Redeclaring font encoding OML on input line 743.
LaTeX Font Info:    Redeclaring font encoding OMS on input line 744.
\macc@depth=\count295
\c@MaxMatrixCols=\count296
\dotsspace@=\muskip17
\c@parentequation=\count297
\dspbrk@lvl=\count298
\tag@help=\toks17
\row@=\count299
\column@=\count300
\maxfields@=\count301
\andhelp@=\toks18
\eqnshift@=\dimen177
\alignsep@=\dimen178
\tagshift@=\dimen179
\tagwidth@=\dimen180
\totwidth@=\dimen181
\lineht@=\dimen182
\@envbody=\toks19
\multlinegap=\skip59
\multlinetaggap=\skip60
\mathdisplay@stack=\toks20
LaTeX Info: Redefining \[ on input line 2938.
LaTeX Info: Redefining \] on input line 2939.
)
(e:/Latex/texlive/2022/texmf-dist/tex/latex/amscls/amsthm.sty
Package: amsthm 2020/05/29 v2.20.6
\thm@style=\toks21
\thm@bodyfont=\toks22
\thm@headfont=\toks23
\thm@notefont=\toks24
\thm@headpunct=\toks25
\thm@preskip=\skip61
\thm@postskip=\skip62
\thm@headsep=\skip63
\dth@everypar=\toks26
)
(e:/Latex/texlive/2022/texmf-dist/tex/latex/amsfonts/amssymb.sty
Package: amssymb 2013/01/14 v3.01 AMS font symbols

(e:/Latex/texlive/2022/texmf-dist/tex/latex/amsfonts/amsfonts.sty
Package: amsfonts 2013/01/14 v3.01 Basic AMSFonts support
\symAMSa=\mathgroup4
\symAMSb=\mathgroup5
LaTeX Font Info:    Redeclaring math symbol \hbar on input line 98.
LaTeX Font Info:    Overwriting math alphabet `\mathfrak' in version `bold'
(Font)                  U/euf/m/n --> U/euf/b/n on input line 106.
))
(e:/Latex/texlive/2022/texmf-dist/tex/latex/graphics/graphicx.sty
Package: graphicx 2021/09/16 v1.2d Enhanced LaTeX Graphics (DPC,SPQR)

(e:/Latex/texlive/2022/texmf-dist/tex/latex/graphics/keyval.sty
Package: keyval 2014/10/28 v1.15 key=value parser (DPC)
\KV@toks@=\toks27
)
(e:/Latex/texlive/2022/texmf-dist/tex/latex/graphics/graphics.sty
Package: graphics 2021/03/04 v1.4d Standard LaTeX Graphics (DPC,SPQR)

(e:/Latex/texlive/2022/texmf-dist/tex/latex/graphics/trig.sty
Package: trig 2021/08/11 v1.11 sin cos tan (DPC)
)
(e:/Latex/texlive/2022/texmf-dist/tex/latex/graphics-cfg/graphics.cfg
File: graphics.cfg 2016/06/04 v1.11 sample graphics configuration
)
Package graphics Info: Driver file: xetex.def on input line 107.
)
\Gin@req@height=\dimen183
\Gin@req@width=\dimen184
)
(e:/Latex/texlive/2022/texmf-dist/tex/latex/kerkis/kmath.sty
(e:/Latex/texlive/2022/texmf-dist/tex/latex/txfonts/txfonts.sty
Package: txfonts 2008/01/22 v3.2.1
LaTeX Font Info:    Redeclaring symbol font `operators' on input line 21.
LaTeX Font Info:    Overwriting symbol font `operators' in version `normal'
(Font)                  OT1/cmr/m/n --> OT1/txr/m/n on input line 21.
LaTeX Font Info:    Overwriting symbol font `operators' in version `bold'
(Font)                  OT1/cmr/bx/n --> OT1/txr/m/n on input line 21.
LaTeX Font Info:    Overwriting symbol font `operators' in version `bold'
(Font)                  OT1/txr/m/n --> OT1/txr/bx/n on input line 22.
\symitalic=\mathgroup6
LaTeX Font Info:    Overwriting symbol font `italic' in version `bold'
(Font)                  OT1/txr/m/it --> OT1/txr/bx/it on input line 26.
LaTeX Font Info:    Redeclaring math alphabet \mathbf on input line 29.
LaTeX Font Info:    Overwriting math alphabet `\mathbf' in version `normal'
(Font)                  OT1/cmr/bx/n --> OT1/txr/bx/n on input line 29.
LaTeX Font Info:    Overwriting math alphabet `\mathbf' in version `bold'
(Font)                  OT1/cmr/bx/n --> OT1/txr/bx/n on input line 29.
LaTeX Font Info:    Redeclaring math alphabet \mathit on input line 30.
LaTeX Font Info:    Overwriting math alphabet `\mathit' in version `normal'
(Font)                  OT1/cmr/m/it --> OT1/txr/m/it on input line 30.
LaTeX Font Info:    Overwriting math alphabet `\mathit' in version `bold'
(Font)                  OT1/cmr/bx/it --> OT1/txr/m/it on input line 30.
LaTeX Font Info:    Overwriting math alphabet `\mathit' in version `bold'
(Font)                  OT1/txr/m/it --> OT1/txr/bx/it on input line 31.
LaTeX Font Info:    Redeclaring math alphabet \mathsf on input line 40.
LaTeX Font Info:    Overwriting math alphabet `\mathsf' in version `normal'
(Font)                  OT1/cmss/m/n --> OT1/txss/m/n on input line 40.
LaTeX Font Info:    Overwriting math alphabet `\mathsf' in version `bold'
(Font)                  OT1/cmss/bx/n --> OT1/txss/m/n on input line 40.
LaTeX Font Info:    Overwriting math alphabet `\mathsf' in version `bold'
(Font)                  OT1/txss/m/n --> OT1/txss/b/n on input line 41.
LaTeX Font Info:    Redeclaring math alphabet \mathtt on input line 50.
LaTeX Font Info:    Overwriting math alphabet `\mathtt' in version `normal'
(Font)                  OT1/cmtt/m/n --> OT1/txtt/m/n on input line 50.
LaTeX Font Info:    Overwriting math alphabet `\mathtt' in version `bold'
(Font)                  OT1/cmtt/m/n --> OT1/txtt/m/n on input line 50.
LaTeX Font Info:    Overwriting math alphabet `\mathtt' in version `bold'
(Font)                  OT1/txtt/m/n --> OT1/txtt/b/n on input line 51.
LaTeX Font Info:    Redeclaring symbol font `letters' on input line 58.
LaTeX Font Info:    Overwriting symbol font `letters' in version `normal'
(Font)                  OML/cmm/m/it --> OML/txmi/m/it on input line 58.
LaTeX Font Info:    Overwriting symbol font `letters' in version `bold'
(Font)                  OML/cmm/b/it --> OML/txmi/m/it on input line 58.
LaTeX Font Info:    Overwriting symbol font `letters' in version `bold'
(Font)                  OML/txmi/m/it --> OML/txmi/bx/it on input line 59.
\symlettersA=\mathgroup7
LaTeX Font Info:    Overwriting symbol font `lettersA' in version `bold'
(Font)                  U/txmia/m/it --> U/txmia/bx/it on input line 67.
LaTeX Font Info:    Redeclaring math alphabet \mathfrak on input line 70.
LaTeX Font Info:    Redeclaring symbol font `symbols' on input line 77.
LaTeX Font Info:    Overwriting symbol font `symbols' in version `normal'
(Font)                  OMS/cmsy/m/n --> OMS/txsy/m/n on input line 77.
LaTeX Font Info:    Overwriting symbol font `symbols' in version `bold'
(Font)                  OMS/cmsy/b/n --> OMS/txsy/m/n on input line 77.
LaTeX Font Info:    Overwriting symbol font `symbols' in version `bold'
(Font)                  OMS/txsy/m/n --> OMS/txsy/bx/n on input line 78.
LaTeX Font Info:    Redeclaring symbol font `AMSa' on input line 93.
LaTeX Font Info:    Overwriting symbol font `AMSa' in version `normal'
(Font)                  U/msa/m/n --> U/txsya/m/n on input line 93.
LaTeX Font Info:    Overwriting symbol font `AMSa' in version `bold'
(Font)                  U/msa/m/n --> U/txsya/m/n on input line 93.
LaTeX Font Info:    Overwriting symbol font `AMSa' in version `bold'
(Font)                  U/txsya/m/n --> U/txsya/bx/n on input line 94.
LaTeX Font Info:    Redeclaring symbol font `AMSb' on input line 102.
LaTeX Font Info:    Overwriting symbol font `AMSb' in version `normal'
(Font)                  U/msb/m/n --> U/txsyb/m/n on input line 102.
LaTeX Font Info:    Overwriting symbol font `AMSb' in version `bold'
(Font)                  U/msb/m/n --> U/txsyb/m/n on input line 102.
LaTeX Font Info:    Overwriting symbol font `AMSb' in version `bold'
(Font)                  U/txsyb/m/n --> U/txsyb/bx/n on input line 103.
\symsymbolsC=\mathgroup8
LaTeX Font Info:    Overwriting symbol font `symbolsC' in version `bold'
(Font)                  U/txsyc/m/n --> U/txsyc/bx/n on input line 113.
LaTeX Font Info:    Redeclaring symbol font `largesymbols' on input line 120.
LaTeX Font Info:    Overwriting symbol font `largesymbols' in version `normal'
(Font)                  OMX/cmex/m/n --> OMX/txex/m/n on input line 120.
LaTeX Font Info:    Overwriting symbol font `largesymbols' in version `bold'
(Font)                  OMX/cmex/m/n --> OMX/txex/m/n on input line 120.
LaTeX Font Info:    Overwriting symbol font `largesymbols' in version `bold'
(Font)                  OMX/txex/m/n --> OMX/txex/bx/n on input line 121.
\symlargesymbolsA=\mathgroup9
LaTeX Font Info:    Overwriting symbol font `largesymbolsA' in version `bold'
(Font)                  U/txexa/m/n --> U/txexa/bx/n on input line 129.
LaTeX Font Info:    Redeclaring math symbol \mathsterling on input line 164.
LaTeX Info: Redefining \not on input line 1043.
LaTeX Info: Redefining \textsquare on input line 1063.
LaTeX Info: Redefining \openbox on input line 1064.
)
LaTeX Font Info:    Redeclaring symbol font `letters' on input line 3.
LaTeX Font Info:    Overwriting symbol font `letters' in version `normal'
(Font)                  OML/txmi/m/it --> OML/mak/m/it on input line 3.
LaTeX Font Info:    Overwriting symbol font `letters' in version `bold'
(Font)                  OML/txmi/bx/it --> OML/mak/m/it on input line 3.
LaTeX Font Info:    Overwriting symbol font `letters' in version `bold'
(Font)                  OML/mak/m/it --> OML/mak/b/it on input line 4.
\symkerkisnumbers=\mathgroup10
LaTeX Font Info:    Overwriting symbol font `letters' in version `bold'
(Font)                  OML/mak/b/it --> OML/mak/b/it on input line 10.
LaTeX Font Info:    Overwriting math alphabet `\mathrm' in version `normal'
(Font)                  OT1/txr/m/n --> TU/txr/m/n on input line 21.
LaTeX Font Info:    Overwriting math alphabet `\mathbf' in version `normal'
(Font)                  OT1/txr/bx/n --> TU/txr/b/n on input line 22.
LaTeX Font Info:    Overwriting math alphabet `\mathit' in version `normal'
(Font)                  OT1/txr/m/it --> TU/txr/m/it on input line 23.
LaTeX Font Info:    Overwriting math alphabet `\mathsf' in version `normal'
(Font)                  OT1/txss/m/n --> TU/txss/m/n on input line 24.
LaTeX Font Info:    Overwriting math alphabet `\mathtt' in version `normal'
(Font)                  OT1/txtt/m/n --> TU/txtt/m/n on input line 25.
)
(e:/Latex/texlive/2022/texmf-dist/tex/latex/kerkis/kerkis.sty
File: kerkis.sty 2000/02/25 v1.5 Package `kerkis.sty'
  
***********************************************
******** Loading The Kerkis FontFamily ********
********** Department of Mathematics **********
*********** University of the Aegean **********
***********************************************
LaTeX Info: Redefining \LaTeX on input line 156.
LaTeX Info: Redefining \LaTeXe on input line 166.
)
(e:/Latex/texlive/2022/texmf-dist/tex/latex/newtx/newtxtext.sty
Package: newtxtext 2022/02/28 v1.71(Michael Sharpe) latex and unicode latex sup
port for TeXGyreTermesX

`newtxtext' v1.71, 2022/02/28 Text macros taking advantage of TeXGyre Termes an
d its extensions (msharpe)
(e:/Latex/texlive/2022/texmf-dist/tex/generic/iftex/iftex.sty
Package: iftex 2022/02/03 v1.0f TeX engine tests
)
(e:/Latex/texlive/2022/texmf-dist/tex/latex/xkeyval/xkeyval.sty
Package: xkeyval 2020/11/20 v2.8 package option processing (HA)

(e:/Latex/texlive/2022/texmf-dist/tex/generic/xkeyval/xkeyval.tex
(e:/Latex/texlive/2022/texmf-dist/tex/generic/xkeyval/xkvutils.tex
\XKV@toks=\toks28
\XKV@tempa@toks=\toks29
)
\XKV@depth=\count302
File: xkeyval.tex 2014/12/03 v2.7a key=value parser (HA)
))
(e:/Latex/texlive/2022/texmf-dist/tex/latex/etoolbox/etoolbox.sty
Package: etoolbox 2020/10/05 v2.5k e-TeX tools for LaTeX (JAW)
\etb@tempcnta=\count303
)
(e:/Latex/texlive/2022/texmf-dist/tex/latex/base/textcomp.sty
Package: textcomp 2020/02/02 v2.0n Standard LaTeX package
)
(e:/Latex/texlive/2022/texmf-dist/tex/generic/xstring/xstring.sty
(e:/Latex/texlive/2022/texmf-dist/tex/generic/xstring/xstring.tex
\integerpart=\count304
\decimalpart=\count305
)
Package: xstring 2021/07/21 v1.84 String manipulations (CT)
)
(e:/Latex/texlive/2022/texmf-dist/tex/latex/base/ifthen.sty
Package: ifthen 2020/11/24 v1.1c Standard LaTeX ifthen package (DPC)
)
(e:/Latex/texlive/2022/texmf-dist/tex/latex/carlisle/scalefnt.sty)
LaTeX Font Info:    Setting ntxLF sub-encoding to TS1/0 on input line 21.
LaTeX Font Info:    Setting ntxTLF sub-encoding to TS1/0 on input line 21.
LaTeX Font Info:    Setting ntxOsF sub-encoding to TS1/0 on input line 21.
LaTeX Font Info:    Setting ntxTOsF sub-encoding to TS1/0 on input line 21.

(e:/Latex/texlive/2022/texmf-dist/tex/generic/kastrup/binhex.tex)
\ntx@tmpcnta=\count306
\ntx@cnt=\count307

ntx@otftexttrue
LaTeX Info: Redefining \oldstylenums on input line 479.
LaTeX Info: Redefining \liningnums on input line 483.
(e:/Latex/texlive/2022/texmf-dist/tex/latex/realscripts/realscripts.sty
Package: realscripts 2016/02/13 v0.3d Access OpenType subscripts and superscrip
ts
\subsupersep=\dimen185
))
(e:/Latex/texlive/2022/texmf-dist/tex/latex/bbm-macros/bbm.sty
Package: bbm 1999/03/15 V 1.2 provides fonts for set symbols - TH
LaTeX Font Info:    Overwriting math alphabet `\mathbbm' in version `bold'
(Font)                  U/bbm/m/n --> U/bbm/bx/n on input line 33.
LaTeX Font Info:    Overwriting math alphabet `\mathbbmss' in version `bold'
(Font)                  U/bbmss/m/n --> U/bbmss/bx/n on input line 35.
)
(e:/Latex/texlive/2022/texmf-dist/tex/latex/enumitem/enumitem.sty
Package: enumitem 2019/06/20 v3.9 Customized lists
\labelindent=\skip64
\enit@outerparindent=\dimen186
\enit@toks=\toks30
\enit@inbox=\box55
\enit@count@id=\count308
\enitdp@description=\count309
)
(e:/Latex/texlive/2022/texmf-dist/tex/latex/geometry/geometry.sty
Package: geometry 2020/01/02 v5.9 Page Geometry

(e:/Latex/texlive/2022/texmf-dist/tex/generic/iftex/ifvtex.sty
Package: ifvtex 2019/10/25 v1.7 ifvtex legacy package. Use iftex instead.
)
\Gm@cnth=\count310
\Gm@cntv=\count311
\c@Gm@tempcnt=\count312
\Gm@bindingoffset=\dimen187
\Gm@wd@mp=\dimen188
\Gm@odd@mp=\dimen189
\Gm@even@mp=\dimen190
\Gm@layoutwidth=\dimen191
\Gm@layoutheight=\dimen192
\Gm@layouthoffset=\dimen193
\Gm@layoutvoffset=\dimen194
\Gm@dimlist=\toks31
)
(e:/Latex/texlive/2022/texmf-dist/tex/latex/hyperref/hyperref.sty
Package: hyperref 2022-02-21 v7.00n Hypertext links for LaTeX

(e:/Latex/texlive/2022/texmf-dist/tex/generic/ltxcmds/ltxcmds.sty
Package: ltxcmds 2020-05-10 v1.25 LaTeX kernel commands for general use (HO)
)
(e:/Latex/texlive/2022/texmf-dist/tex/generic/pdftexcmds/pdftexcmds.sty
Package: pdftexcmds 2020-06-27 v0.33 Utility functions of pdfTeX for LuaTeX (HO
)

(e:/Latex/texlive/2022/texmf-dist/tex/generic/infwarerr/infwarerr.sty
Package: infwarerr 2019/12/03 v1.5 Providing info/warning/error messages (HO)
)
Package pdftexcmds Info: \pdf@primitive is available.
Package pdftexcmds Info: \pdf@ifprimitive is available.
Package pdftexcmds Info: \pdfdraftmode not found.
)
(e:/Latex/texlive/2022/texmf-dist/tex/generic/kvsetkeys/kvsetkeys.sty
Package: kvsetkeys 2019/12/15 v1.18 Key value parser (HO)
)
(e:/Latex/texlive/2022/texmf-dist/tex/generic/kvdefinekeys/kvdefinekeys.sty
Package: kvdefinekeys 2019-12-19 v1.6 Define keys (HO)
)
(e:/Latex/texlive/2022/texmf-dist/tex/generic/pdfescape/pdfescape.sty
Package: pdfescape 2019/12/09 v1.15 Implements pdfTeX's escape features (HO)
)
(e:/Latex/texlive/2022/texmf-dist/tex/latex/hycolor/hycolor.sty
Package: hycolor 2020-01-27 v1.10 Color options for hyperref/bookmark (HO)
)
(e:/Latex/texlive/2022/texmf-dist/tex/latex/letltxmacro/letltxmacro.sty
Package: letltxmacro 2019/12/03 v1.6 Let assignment for LaTeX macros (HO)
)
(e:/Latex/texlive/2022/texmf-dist/tex/latex/auxhook/auxhook.sty
Package: auxhook 2019-12-17 v1.6 Hooks for auxiliary files (HO)
)
(e:/Latex/texlive/2022/texmf-dist/tex/latex/kvoptions/kvoptions.sty
Package: kvoptions 2020-10-07 v3.14 Key value format for package options (HO)
)
\@linkdim=\dimen195
\Hy@linkcounter=\count313
\Hy@pagecounter=\count314

(e:/Latex/texlive/2022/texmf-dist/tex/latex/hyperref/pd1enc.def
File: pd1enc.def 2022-02-21 v7.00n Hyperref: PDFDocEncoding definition (HO)
)
(e:/Latex/texlive/2022/texmf-dist/tex/generic/intcalc/intcalc.sty
Package: intcalc 2019/12/15 v1.3 Expandable calculations with integers (HO)
)
(e:/Latex/texlive/2022/texmf-dist/tex/generic/etexcmds/etexcmds.sty
Package: etexcmds 2019/12/15 v1.7 Avoid name clashes with e-TeX commands (HO)
)
\Hy@SavedSpaceFactor=\count315

(e:/Latex/texlive/2022/texmf-dist/tex/latex/hyperref/puenc.def
File: puenc.def 2022-02-21 v7.00n Hyperref: PDF Unicode definition (HO)
)
Package hyperref Info: Option `unicode' set `true' on input line 4018.
Package hyperref Info: Option `colorlinks' set `true' on input line 4018.
Package hyperref Info: Hyper figures OFF on input line 4137.
Package hyperref Info: Link nesting OFF on input line 4142.
Package hyperref Info: Hyper index ON on input line 4145.
Package hyperref Info: Plain pages OFF on input line 4152.
Package hyperref Info: Backreferencing OFF on input line 4157.
Package hyperref Info: Implicit mode ON; LaTeX internals redefined.
Package hyperref Info: Bookmarks ON on input line 4390.
\c@Hy@tempcnt=\count316

(e:/Latex/texlive/2022/texmf-dist/tex/latex/url/url.sty
\Urlmuskip=\muskip18
Package: url 2013/09/16  ver 3.4  Verb mode for urls, etc.
)
LaTeX Info: Redefining \url on input line 4749.
\XeTeXLinkMargin=\dimen196
Requested font "pzdr" at 0.00002pt
 -> e:/Latex/texlive/2022/texmf-dist/fonts/tfm/adobe/zapfding/pzdr.tfm

(e:/Latex/texlive/2022/texmf-dist/tex/generic/bitset/bitset.sty
Package: bitset 2019/12/09 v1.3 Handle bit-vector datatype (HO)

(e:/Latex/texlive/2022/texmf-dist/tex/generic/bigintcalc/bigintcalc.sty
Package: bigintcalc 2019/12/15 v1.5 Expandable calculations on big integers (HO
)
))
\Fld@menulength=\count317
\Field@Width=\dimen197
\Fld@charsize=\dimen198
Package hyperref Info: Hyper figures OFF on input line 6027.
Package hyperref Info: Link nesting OFF on input line 6032.
Package hyperref Info: Hyper index ON on input line 6035.
Package hyperref Info: backreferencing OFF on input line 6042.
Package hyperref Info: Link coloring ON on input line 6045.
Package hyperref Info: Link coloring with OCG OFF on input line 6052.
Package hyperref Info: PDF/A mode OFF on input line 6057.
LaTeX Info: Redefining \ref on input line 6097.
LaTeX Info: Redefining \pageref on input line 6101.

(e:/Latex/texlive/2022/texmf-dist/tex/latex/base/atbegshi-ltx.sty
Package: atbegshi-ltx 2021/01/10 v1.0c Emulation of the original atbegshi
package with kernel methods
)
\Hy@abspage=\count318
\c@Item=\count319
\c@Hfootnote=\count320
)
Package hyperref Info: Driver (autodetected): hxetex.

(e:/Latex/texlive/2022/texmf-dist/tex/latex/hyperref/hxetex.def
File: hxetex.def 2022-02-21 v7.00n Hyperref driver for XeTeX

(e:/Latex/texlive/2022/texmf-dist/tex/generic/stringenc/stringenc.sty
Package: stringenc 2019/11/29 v1.12 Convert strings between diff. encodings (HO
)
)
\pdfm@box=\box56
\c@Hy@AnnotLevel=\count321
\HyField@AnnotCount=\count322
\Fld@listcount=\count323
\c@bookmark@seq@number=\count324

(e:/Latex/texlive/2022/texmf-dist/tex/latex/rerunfilecheck/rerunfilecheck.sty
Package: rerunfilecheck 2019/12/05 v1.9 Rerun checks for auxiliary files (HO)

(e:/Latex/texlive/2022/texmf-dist/tex/latex/base/atveryend-ltx.sty
Package: atveryend-ltx 2020/08/19 v1.0a Emulation of the original atveryend pac
kage
with kernel methods
)
(e:/Latex/texlive/2022/texmf-dist/tex/generic/uniquecounter/uniquecounter.sty
Package: uniquecounter 2019/12/15 v1.4 Provide unlimited unique counter (HO)
)
Package uniquecounter Info: New unique counter `rerunfilecheck' on input line 2
86.
)
\Hy@SectionHShift=\skip65
) (e:/Latex/texlive/2022/texmf-dist/tex/generic/ulem/ulem.sty
\UL@box=\box57
\UL@hyphenbox=\box58
\UL@skip=\skip66
\UL@hook=\toks32
\UL@height=\dimen199
\UL@pe=\count325
\UL@pixel=\dimen256
\ULC@box=\box59
Requested font "lasy6" scaled 1000
 -> e:/Latex/texlive/2022/texmf-dist/fonts/tfm/public/latex-fonts/lasy6.tfm
Package: ulem 2019/11/18
\ULdepth=\dimen257
)
\c@defn=\count326
\c@lemma=\count327
\c@proposition=\count328
\c@example=\count329
)
(e:/Latex/texlive/2022/texmf-dist/tex/latex/newtx/TeXGyreTermesX.fontspec)
Requested font "[TeXGyreTermesX-Regular.otf]/OT" at 11.99997pt
 -> e:/Latex/texlive/2022/texmf-dist/fonts/opentype/public/newtx/TeXGyreTermesX
-Regular.otf
Requested font "[TeXGyreTermesX-Regular.otf]/OT" at 12.00003pt
 -> e:/Latex/texlive/2022/texmf-dist/fonts/opentype/public/newtx/TeXGyreTermesX
-Regular.otf
Requested font "[TeXGyreTermesX-Regular.otf]/OT:script=latn;language=dflt;" at 
12.00003pt
 -> e:/Latex/texlive/2022/texmf-dist/fonts/opentype/public/newtx/TeXGyreTermesX
-Regular.otf
Requested font "[TeXGyreTermesX-Bold.otf]/OT:script=latn;language=dflt;" at 12.
00003pt
 -> e:/Latex/texlive/2022/texmf-dist/fonts/opentype/public/newtx/TeXGyreTermesX
-Bold.otf
Requested font "[TeXGyreTermesX-Italic.otf]/OT:script=latn;language=dflt;" at 1
2.00003pt
 -> e:/Latex/texlive/2022/texmf-dist/fonts/opentype/public/newtx/TeXGyreTermesX
-Italic.otf
Requested font "[TeXGyreTermesX-Slanted.otf]/OT:script=latn;language=dflt;" at 
12.00003pt
 -> e:/Latex/texlive/2022/texmf-dist/fonts/opentype/public/newtx/TeXGyreTermesX
-Slanted.otf
Requested font "[TeXGyreTermesX-BoldItalic.otf]/OT:script=latn;language=dflt;" 
at 12.00003pt
 -> e:/Latex/texlive/2022/texmf-dist/fonts/opentype/public/newtx/TeXGyreTermesX
-BoldItalic.otf
Requested font "[TeXGyreTermesX-BoldSlanted.otf]/OT:script=latn;language=dflt;"
 at 12.00003pt
 -> e:/Latex/texlive/2022/texmf-dist/fonts/opentype/public/newtx/TeXGyreTermesX
-BoldSlanted.otf

Package fontspec Info: Font family 'TeXGyreTermesX(0)' created for font
(fontspec)             'TeXGyreTermesX' with options [Ligatures = TeX,Scale =
(fontspec)             1,Extension = .otf,SmallCapsFeatures={RawFeature =
(fontspec)             +pcap, },RawFeature=-ss05,Ligatures=TeX,Extension =
(fontspec)             .otf,UprightFont = TeXGyreTermesX-Regular,BoldFont =
(fontspec)             TeXGyreTermesX-Bold,ItalicFont =
(fontspec)             TeXGyreTermesX-Italic,BoldItalicFont =
(fontspec)             TeXGyreTermesX-BoldItalic,SlantedFont =
(fontspec)             *-Slanted,BoldSlantedFont= *-BoldSlanted,Numbers =
(fontspec)             {Monospaced,Lining},UprightFont = *-Regular,ItalicFont
(fontspec)             = *-Italic,BoldFont = *-Bold,BoldItalicFont =
(fontspec)             *-BoldItalic,SlantedFont = *-Slanted,BoldSlantedFont=
(fontspec)             *-BoldSlanted].
(fontspec)              
(fontspec)              This font family consists of the following NFSS
(fontspec)             series/shapes:
(fontspec)              
(fontspec)             - 'normal' (m/n) with NFSS spec.:
(fontspec)             <->s*[1]"[TeXGyreTermesX-Regular.otf]/OT:script=latn;lan
guage=dflt;-ss05;+tnum;+lnum;mapping=tex-text;"
(fontspec)             - 'small caps'  (m/sc) with NFSS spec.:
(fontspec)             <->s*[1]"[TeXGyreTermesX-Regular.otf]/OT:script=latn;lan
guage=dflt;-ss05;+tnum;+lnum;+smcp;+pcap;mapping=tex-text;"
(fontspec)             - 'bold' (b/n) with NFSS spec.:
(fontspec)             <->s*[1]"[TeXGyreTermesX-Bold.otf]/OT:script=latn;langua
ge=dflt;-ss05;+tnum;+lnum;mapping=tex-text;"
(fontspec)             - 'bold small caps'  (b/sc) with NFSS spec.:
(fontspec)             <->s*[1]"[TeXGyreTermesX-Bold.otf]/OT:script=latn;langua
ge=dflt;-ss05;+tnum;+lnum;+smcp;+pcap;mapping=tex-text;"
(fontspec)             - 'italic' (m/it) with NFSS spec.:
(fontspec)             <->s*[1]"[TeXGyreTermesX-Italic.otf]/OT:script=latn;lang
uage=dflt;-ss05;+tnum;+lnum;mapping=tex-text;"
(fontspec)             - 'italic small caps'  (m/scit) with NFSS spec.:
(fontspec)             <->s*[1]"[TeXGyreTermesX-Italic.otf]/OT:script=latn;lang
uage=dflt;-ss05;+tnum;+lnum;+smcp;+pcap;mapping=tex-text;"
(fontspec)             - 'slanted' (m/sl) with NFSS spec.:
(fontspec)             <->s*[1]"[TeXGyreTermesX-Slanted.otf]/OT:script=latn;lan
guage=dflt;-ss05;+tnum;+lnum;mapping=tex-text;"
(fontspec)             - 'slanted small caps'  (m/scsl) with NFSS spec.:
(fontspec)             <->s*[1]"[TeXGyreTermesX-Slanted.otf]/OT:script=latn;lan
guage=dflt;-ss05;+tnum;+lnum;+smcp;+pcap;mapping=tex-text;"
(fontspec)             - 'bold italic' (b/it) with NFSS spec.:
(fontspec)             <->s*[1]"[TeXGyreTermesX-BoldItalic.otf]/OT:script=latn;
language=dflt;-ss05;+tnum;+lnum;mapping=tex-text;"
(fontspec)             - 'bold italic small caps'  (b/scit) with NFSS spec.:
(fontspec)             <->s*[1]"[TeXGyreTermesX-BoldItalic.otf]/OT:script=latn;
language=dflt;-ss05;+tnum;+lnum;+smcp;+pcap;mapping=tex-text;"
(fontspec)             - 'bold slanted' (b/sl) with NFSS spec.:
(fontspec)             <->s*[1]"[TeXGyreTermesX-BoldSlanted.otf]/OT:script=latn
;language=dflt;-ss05;+tnum;+lnum;mapping=tex-text;"
(fontspec)             - 'bold slanted small caps'  (b/scsl) with NFSS spec.:
(fontspec)             <->s*[1]"[TeXGyreTermesX-BoldSlanted.otf]/OT:script=latn
;language=dflt;-ss05;+tnum;+lnum;+smcp;+pcap;mapping=tex-text;"

LaTeX Font Info:    Font shape `TU/TeXGyreTermesX(0)/m/n' will be
(Font)              scaled to size 12.0pt on input line 4.
Requested font "[TeXGyreTermesX-Regular.otf]/OT:script=latn;language=dflt;-ss05
;+tnum;+lnum;mapping=tex-text;" at 12.0pt
 -> e:/Latex/texlive/2022/texmf-dist/fonts/opentype/public/newtx/TeXGyreTermesX
-Regular.otf

(./main.aux (./config/cover.aux) (./chap1/chap.aux))
\openout1 = `main.aux'.

LaTeX Font Info:    Checking defaults for OML/txmi/m/it on input line 4.
LaTeX Font Info:    Trying to load font information for OML+txmi on input line 
4.

(e:/Latex/texlive/2022/texmf-dist/tex/latex/txfonts/omltxmi.fd
File: omltxmi.fd 2000/12/15 v3.1
)
LaTeX Font Info:    ... okay on input line 4.
LaTeX Font Info:    Checking defaults for OMS/txsy/m/n on input line 4.
LaTeX Font Info:    Trying to load font information for OMS+txsy on input line 
4.

(e:/Latex/texlive/2022/texmf-dist/tex/latex/txfonts/omstxsy.fd
File: omstxsy.fd 2000/12/15 v3.1
)
LaTeX Font Info:    ... okay on input line 4.
LaTeX Font Info:    Checking defaults for OT1/cmr/m/n on input line 4.
LaTeX Font Info:    ... okay on input line 4.
LaTeX Font Info:    Checking defaults for T1/cmr/m/n on input line 4.
LaTeX Font Info:    ... okay on input line 4.
LaTeX Font Info:    Checking defaults for TS1/cmr/m/n on input line 4.
LaTeX Font Info:    ... okay on input line 4.
LaTeX Font Info:    Checking defaults for TU/lmr/m/n on input line 4.
LaTeX Font Info:    ... okay on input line 4.
LaTeX Font Info:    Checking defaults for OMX/txex/m/n on input line 4.
LaTeX Font Info:    Trying to load font information for OMX+txex on input line 
4.

(e:/Latex/texlive/2022/texmf-dist/tex/latex/txfonts/omxtxex.fd
File: omxtxex.fd 2000/12/15 v3.1
)
LaTeX Font Info:    ... okay on input line 4.
LaTeX Font Info:    Checking defaults for U/txexa/m/n on input line 4.
LaTeX Font Info:    Trying to load font information for U+txexa on input line 4
.

(e:/Latex/texlive/2022/texmf-dist/tex/latex/txfonts/utxexa.fd
File: utxexa.fd 2000/12/15 v3.1
)
LaTeX Font Info:    ... okay on input line 4.
LaTeX Font Info:    Checking defaults for PD1/pdf/m/n on input line 4.
LaTeX Font Info:    ... okay on input line 4.
LaTeX Font Info:    Checking defaults for PU/pdf/m/n on input line 4.
LaTeX Font Info:    ... okay on input line 4.

*geometry* driver: auto-detecting
*geometry* detected driver: xetex
*geometry* verbose mode - [ preamble ] result:
* driver: xetex
* paper: a4paper
* layout: <same size as paper>
* layoutoffset:(h,v)=(0.0pt,0.0pt)
* modes: 
* h-part:(L,W,R)=(56.9055pt, 483.69687pt, 56.9055pt)
* v-part:(T,H,B)=(72.26997pt, 700.5069pt, 72.26997pt)
* \paperwidth=597.50787pt
* \paperheight=845.04684pt
* \textwidth=483.69687pt
* \textheight=700.5069pt
* \oddsidemargin=-15.36449pt
* \evensidemargin=-15.36449pt
* \topmargin=-73.12352pt
* \headheight=61.74242pt
* \headsep=11.38109pt
* \topskip=12.0pt
* \footskip=34.1433pt
* \marginparwidth=38.0pt
* \marginparsep=7.0pt
* \columnsep=10.0pt
* \skip\footins=10.8pt plus 4.0pt minus 2.0pt
* \hoffset=0.0pt
* \voffset=0.0pt
* \mag=1000
* \@twocolumnfalse
* \@twosidefalse
* \@mparswitchfalse
* \@reversemarginfalse
* (1in=72.27pt=25.4mm, 1cm=28.453pt)

Package hyperref Info: Link coloring ON on input line 4.
(e:/Latex/texlive/2022/texmf-dist/tex/latex/hyperref/nameref.sty
Package: nameref 2021-04-02 v2.47 Cross-referencing by name of section

(e:/Latex/texlive/2022/texmf-dist/tex/latex/refcount/refcount.sty
Package: refcount 2019/12/15 v3.6 Data extraction from label references (HO)
)
(e:/Latex/texlive/2022/texmf-dist/tex/generic/gettitlestring/gettitlestring.sty
Package: gettitlestring 2019/12/15 v1.6 Cleanup title references (HO)
)
\c@section@level=\count330
)
LaTeX Info: Redefining \ref on input line 4.
LaTeX Info: Redefining \pageref on input line 4.
LaTeX Info: Redefining \nameref on input line 4.
 (./main.out) (./main.out)
\@outlinefile=\write3
\openout3 = `main.out'.

\openout2 = `config/cover.aux'.

 (./config/cover.tex
LaTeX Font Info:    Font shape `TU/TeXGyreTermesX(0)/m/n' will be
(Font)              scaled to size 20.74pt on input line 5.
Requested font "[TeXGyreTermesX-Regular.otf]/OT:script=latn;language=dflt;-ss05
;+tnum;+lnum;mapping=tex-text;" at 20.74pt
 -> e:/Latex/texlive/2022/texmf-dist/fonts/opentype/public/newtx/TeXGyreTermesX
-Regular.otf
LaTeX Font Info:    Font shape `TU/TeXGyreTermesX(0)/m/n' will be
(Font)              scaled to size 24.88pt on input line 5.
Requested font "[TeXGyreTermesX-Regular.otf]/OT:script=latn;language=dflt;-ss05
;+tnum;+lnum;mapping=tex-text;" at 24.88pt
 -> e:/Latex/texlive/2022/texmf-dist/fonts/opentype/public/newtx/TeXGyreTermesX
-Regular.otf
LaTeX Font Info:    Font shape `TU/TeXGyreTermesX(0)/b/n' will be
(Font)              scaled to size 24.88pt on input line 5.
Requested font "[TeXGyreTermesX-Bold.otf]/OT:script=latn;language=dflt;-ss05;+t
num;+lnum;mapping=tex-text;" at 24.88pt
 -> e:/Latex/texlive/2022/texmf-dist/fonts/opentype/public/newtx/TeXGyreTermesX
-Bold.otf
LaTeX Font Info:    Trying to load font information for OT1+txr on input line 5
.

(e:/Latex/texlive/2022/texmf-dist/tex/latex/txfonts/ot1txr.fd
File: ot1txr.fd 2000/12/15 v3.1
)
Requested font "txr" at 24.88pt
 -> e:/Latex/texlive/2022/texmf-dist/fonts/tfm/public/txfonts/txr.tfm
Requested font "txr" at 20.74pt
 -> e:/Latex/texlive/2022/texmf-dist/fonts/tfm/public/txfonts/txr.tfm
Requested font "txr" at 17.28pt
 -> e:/Latex/texlive/2022/texmf-dist/fonts/tfm/public/txfonts/txr.tfm
LaTeX Font Info:    Trying to load font information for OML+mak on input line 5
.

(e:/Latex/texlive/2022/texmf-dist/tex/latex/kerkis/omlmak.fd)
LaTeX Font Info:    Font shape `OML/mak/m/it' will be
(Font)              scaled to size 22.39185pt on input line 5.
Requested font "kmath8a" at 22.39185pt
 -> e:/Latex/texlive/2022/texmf-dist/fonts/tfm/public/kerkis/kmath8a.tfm
LaTeX Font Info:    Font shape `OML/mak/m/it' will be
(Font)              scaled to size 18.66588pt on input line 5.
Requested font "kmath8a" at 18.66588pt
 -> e:/Latex/texlive/2022/texmf-dist/fonts/tfm/public/kerkis/kmath8a.tfm
LaTeX Font Info:    Font shape `OML/mak/m/it' will be
(Font)              scaled to size 15.55188pt on input line 5.
Requested font "kmath8a" at 15.55188pt
 -> e:/Latex/texlive/2022/texmf-dist/fonts/tfm/public/kerkis/kmath8a.tfm
Requested font "txsy" at 24.88pt
 -> e:/Latex/texlive/2022/texmf-dist/fonts/tfm/public/txfonts/txsy.tfm
Requested font "txsy" at 20.74pt
 -> e:/Latex/texlive/2022/texmf-dist/fonts/tfm/public/txfonts/txsy.tfm
Requested font "txsy" at 17.28pt
 -> e:/Latex/texlive/2022/texmf-dist/fonts/tfm/public/txfonts/txsy.tfm
Requested font "txex" at 24.88pt
 -> e:/Latex/texlive/2022/texmf-dist/fonts/tfm/public/txfonts/txex.tfm
Requested font "txex" at 20.74pt
 -> e:/Latex/texlive/2022/texmf-dist/fonts/tfm/public/txfonts/txex.tfm
Requested font "txex" at 17.28pt
 -> e:/Latex/texlive/2022/texmf-dist/fonts/tfm/public/txfonts/txex.tfm
LaTeX Font Info:    Trying to load font information for U+txsya on input line 5
.

(e:/Latex/texlive/2022/texmf-dist/tex/latex/txfonts/utxsya.fd
File: utxsya.fd 2000/12/15 v3.1
)
Requested font "txsya" at 24.88pt
 -> e:/Latex/texlive/2022/texmf-dist/fonts/tfm/public/txfonts/txsya.tfm
Requested font "txsya" at 20.74pt
 -> e:/Latex/texlive/2022/texmf-dist/fonts/tfm/public/txfonts/txsya.tfm
Requested font "txsya" at 17.28pt
 -> e:/Latex/texlive/2022/texmf-dist/fonts/tfm/public/txfonts/txsya.tfm
LaTeX Font Info:    Trying to load font information for U+txsyb on input line 5
.

(e:/Latex/texlive/2022/texmf-dist/tex/latex/txfonts/utxsyb.fd
File: utxsyb.fd 2000/12/15 v3.1
)
Requested font "txsyb" at 24.88pt
 -> e:/Latex/texlive/2022/texmf-dist/fonts/tfm/public/txfonts/txsyb.tfm
Requested font "txsyb" at 20.74pt
 -> e:/Latex/texlive/2022/texmf-dist/fonts/tfm/public/txfonts/txsyb.tfm
Requested font "txsyb" at 17.28pt
 -> e:/Latex/texlive/2022/texmf-dist/fonts/tfm/public/txfonts/txsyb.tfm
Requested font "txi" at 24.88pt
 -> e:/Latex/texlive/2022/texmf-dist/fonts/tfm/public/txfonts/txi.tfm
Requested font "txi" at 20.74pt
 -> e:/Latex/texlive/2022/texmf-dist/fonts/tfm/public/txfonts/txi.tfm
Requested font "txi" at 17.28pt
 -> e:/Latex/texlive/2022/texmf-dist/fonts/tfm/public/txfonts/txi.tfm
LaTeX Font Info:    Trying to load font information for U+txmia on input line 5
.

(e:/Latex/texlive/2022/texmf-dist/tex/latex/txfonts/utxmia.fd
File: utxmia.fd 2000/12/15 v3.1
)
Requested font "txmia" at 24.88pt
 -> e:/Latex/texlive/2022/texmf-dist/fonts/tfm/public/txfonts/txmia.tfm
Requested font "txmia" at 20.74pt
 -> e:/Latex/texlive/2022/texmf-dist/fonts/tfm/public/txfonts/txmia.tfm
Requested font "txmia" at 17.28pt
 -> e:/Latex/texlive/2022/texmf-dist/fonts/tfm/public/txfonts/txmia.tfm
LaTeX Font Info:    Trying to load font information for U+txsyc on input line 5
.

(e:/Latex/texlive/2022/texmf-dist/tex/latex/txfonts/utxsyc.fd
File: utxsyc.fd 2000/12/15 v3.1
)
Requested font "txsyc" at 24.88pt
 -> e:/Latex/texlive/2022/texmf-dist/fonts/tfm/public/txfonts/txsyc.tfm
Requested font "txsyc" at 20.74pt
 -> e:/Latex/texlive/2022/texmf-dist/fonts/tfm/public/txfonts/txsyc.tfm
Requested font "txsyc" at 17.28pt
 -> e:/Latex/texlive/2022/texmf-dist/fonts/tfm/public/txfonts/txsyc.tfm
Requested font "txexa" at 24.88pt
 -> e:/Latex/texlive/2022/texmf-dist/fonts/tfm/public/txfonts/txexa.tfm
Requested font "txexa" at 20.74pt
 -> e:/Latex/texlive/2022/texmf-dist/fonts/tfm/public/txfonts/txexa.tfm
Requested font "txexa" at 17.28pt
 -> e:/Latex/texlive/2022/texmf-dist/fonts/tfm/public/txfonts/txexa.tfm
LaTeX Font Info:    Trying to load font information for T1+mak on input line 5.


(e:/Latex/texlive/2022/texmf-dist/tex/latex/kerkis/t1mak.fd)
LaTeX Font Info:    Font shape `T1/mak/m/n' will be
(Font)              scaled to size 22.39185pt on input line 5.
Requested font "ek8a" at 22.39185pt
 -> e:/Latex/texlive/2022/texmf-dist/fonts/tfm/public/kerkis/ek8a.tfm
LaTeX Font Info:    Font shape `T1/mak/m/n' will be
(Font)              scaled to size 18.66588pt on input line 5.
Requested font "ek8a" at 18.66588pt
 -> e:/Latex/texlive/2022/texmf-dist/fonts/tfm/public/kerkis/ek8a.tfm
LaTeX Font Info:    Font shape `T1/mak/m/n' will be
(Font)              scaled to size 15.55188pt on input line 5.
Requested font "ek8a" at 15.55188pt
 -> e:/Latex/texlive/2022/texmf-dist/fonts/tfm/public/kerkis/ek8a.tfm
Requested font "[TeXGyreTermesX-Regular.otf]/OT" at 24.87997pt
 -> e:/Latex/texlive/2022/texmf-dist/fonts/opentype/public/newtx/TeXGyreTermesX
-Regular.otf
Requested font "[TeXGyreTermesX-Regular.otf]/OT:script=latn;language=dflt;" at 
24.88004pt
 -> e:/Latex/texlive/2022/texmf-dist/fonts/opentype/public/newtx/TeXGyreTermesX
-Regular.otf
Requested font "[TeXGyreTermesX-Bold.otf]/OT:script=latn;language=dflt;" at 24.
88004pt
 -> e:/Latex/texlive/2022/texmf-dist/fonts/opentype/public/newtx/TeXGyreTermesX
-Bold.otf
Requested font "[TeXGyreTermesX-Italic.otf]/OT:script=latn;language=dflt;" at 2
4.88004pt
 -> e:/Latex/texlive/2022/texmf-dist/fonts/opentype/public/newtx/TeXGyreTermesX
-Italic.otf
Requested font "[TeXGyreTermesX-Slanted.otf]/OT:script=latn;language=dflt;" at 
24.88004pt
 -> e:/Latex/texlive/2022/texmf-dist/fonts/opentype/public/newtx/TeXGyreTermesX
-Slanted.otf
Requested font "[TeXGyreTermesX-BoldItalic.otf]/OT:script=latn;language=dflt;" 
at 24.88004pt
 -> e:/Latex/texlive/2022/texmf-dist/fonts/opentype/public/newtx/TeXGyreTermesX
-BoldItalic.otf
Requested font "[TeXGyreTermesX-BoldSlanted.otf]/OT:script=latn;language=dflt;"
 at 24.88004pt
 -> e:/Latex/texlive/2022/texmf-dist/fonts/opentype/public/newtx/TeXGyreTermesX
-BoldSlanted.otf

Package fontspec Info: Font family 'TeXGyreTermesX(1)' created for font
(fontspec)             'TeXGyreTermesX' with options [Ligatures = TeX,Scale =
(fontspec)             1,Extension = .otf,SmallCapsFeatures={RawFeature =
(fontspec)             +pcap, },RawFeature=-ss05,Ligatures=TeX,Extension =
(fontspec)             .otf,UprightFont = TeXGyreTermesX-Regular,BoldFont =
(fontspec)             TeXGyreTermesX-Bold,ItalicFont =
(fontspec)             TeXGyreTermesX-Italic,BoldItalicFont =
(fontspec)             TeXGyreTermesX-BoldItalic,SlantedFont =
(fontspec)             *-Slanted,BoldSlantedFont= *-BoldSlanted,Numbers =
(fontspec)             {Monospaced,Lining},UprightFont = *-Regular,ItalicFont
(fontspec)             = *-Italic,BoldFont = *-Bold,BoldItalicFont =
(fontspec)             *-BoldItalic,SlantedFont = *-Slanted,BoldSlantedFont=
(fontspec)             *-BoldSlanted,VerticalPosition=Superior].
(fontspec)              
(fontspec)              This font family consists of the following NFSS
(fontspec)             series/shapes:
(fontspec)              
(fontspec)             - 'normal' (m/n) with NFSS spec.:
(fontspec)             <->s*[1]"[TeXGyreTermesX-Regular.otf]/OT:script=latn;lan
guage=dflt;-ss05;+tnum;+lnum;+sups;mapping=tex-text;"
(fontspec)             - 'small caps'  (m/sc) with NFSS spec.:
(fontspec)             <->s*[1]"[TeXGyreTermesX-Regular.otf]/OT:script=latn;lan
guage=dflt;-ss05;+tnum;+lnum;+sups;+smcp;+pcap;mapping=tex-text;"
(fontspec)             - 'bold' (b/n) with NFSS spec.:
(fontspec)             <->s*[1]"[TeXGyreTermesX-Bold.otf]/OT:script=latn;langua
ge=dflt;-ss05;+tnum;+lnum;+sups;mapping=tex-text;"
(fontspec)             - 'bold small caps'  (b/sc) with NFSS spec.:
(fontspec)             <->s*[1]"[TeXGyreTermesX-Bold.otf]/OT:script=latn;langua
ge=dflt;-ss05;+tnum;+lnum;+sups;+smcp;+pcap;mapping=tex-text;"
(fontspec)             - 'italic' (m/it) with NFSS spec.:
(fontspec)             <->s*[1]"[TeXGyreTermesX-Italic.otf]/OT:script=latn;lang
uage=dflt;-ss05;+tnum;+lnum;+sups;mapping=tex-text;"
(fontspec)             - 'italic small caps'  (m/scit) with NFSS spec.:
(fontspec)             <->s*[1]"[TeXGyreTermesX-Italic.otf]/OT:script=latn;lang
uage=dflt;-ss05;+tnum;+lnum;+sups;+smcp;+pcap;mapping=tex-text;"
(fontspec)             - 'slanted' (m/sl) with NFSS spec.:
(fontspec)             <->s*[1]"[TeXGyreTermesX-Slanted.otf]/OT:script=latn;lan
guage=dflt;-ss05;+tnum;+lnum;+sups;mapping=tex-text;"
(fontspec)             - 'slanted small caps'  (m/scsl) with NFSS spec.:
(fontspec)             <->s*[1]"[TeXGyreTermesX-Slanted.otf]/OT:script=latn;lan
guage=dflt;-ss05;+tnum;+lnum;+sups;+smcp;+pcap;mapping=tex-text;"
(fontspec)             - 'bold italic' (b/it) with NFSS spec.:
(fontspec)             <->s*[1]"[TeXGyreTermesX-BoldItalic.otf]/OT:script=latn;
language=dflt;-ss05;+tnum;+lnum;+sups;mapping=tex-text;"
(fontspec)             - 'bold italic small caps'  (b/scit) with NFSS spec.:
(fontspec)             <->s*[1]"[TeXGyreTermesX-BoldItalic.otf]/OT:script=latn;
language=dflt;-ss05;+tnum;+lnum;+sups;+smcp;+pcap;mapping=tex-text;"
(fontspec)             - 'bold slanted' (b/sl) with NFSS spec.:
(fontspec)             <->s*[1]"[TeXGyreTermesX-BoldSlanted.otf]/OT:script=latn
;language=dflt;-ss05;+tnum;+lnum;+sups;mapping=tex-text;"
(fontspec)             - 'bold slanted small caps'  (b/scsl) with NFSS spec.:
(fontspec)             <->s*[1]"[TeXGyreTermesX-BoldSlanted.otf]/OT:script=latn
;language=dflt;-ss05;+tnum;+lnum;+sups;+smcp;+pcap;mapping=tex-text;"

LaTeX Font Info:    Font shape `TU/TeXGyreTermesX(1)/m/n' will be
(Font)              scaled to size 24.88pt on input line 5.
Requested font "[TeXGyreTermesX-Regular.otf]/OT:script=latn;language=dflt;-ss05
;+tnum;+lnum;+sups;mapping=tex-text;" at 24.88pt
 -> e:/Latex/texlive/2022/texmf-dist/fonts/opentype/public/newtx/TeXGyreTermesX
-Regular.otf
LaTeX Font Info:    Font shape `TU/TeXGyreTermesX(0)/m/n' will be
(Font)              scaled to size 14.4pt on input line 5.
Requested font "[TeXGyreTermesX-Regular.otf]/OT:script=latn;language=dflt;-ss05
;+tnum;+lnum;mapping=tex-text;" at 14.4pt
 -> e:/Latex/texlive/2022/texmf-dist/fonts/opentype/public/newtx/TeXGyreTermesX
-Regular.otf
Requested font "txr" at 14.4pt
 -> e:/Latex/texlive/2022/texmf-dist/fonts/tfm/public/txfonts/txr.tfm
Requested font "txr" at 10.0pt
 -> e:/Latex/texlive/2022/texmf-dist/fonts/tfm/public/txfonts/txr.tfm
Requested font "txr" at 7.0pt
 -> e:/Latex/texlive/2022/texmf-dist/fonts/tfm/public/txfonts/txr.tfm
LaTeX Font Info:    Font shape `OML/mak/m/it' will be
(Font)              scaled to size 12.9599pt on input line 5.
Requested font "kmath8a" at 12.9599pt
 -> e:/Latex/texlive/2022/texmf-dist/fonts/tfm/public/kerkis/kmath8a.tfm
LaTeX Font Info:    Font shape `OML/mak/m/it' will be
(Font)              scaled to size 8.99994pt on input line 5.
Requested font "kmath8a" at 8.99994pt
 -> e:/Latex/texlive/2022/texmf-dist/fonts/tfm/public/kerkis/kmath8a.tfm
LaTeX Font Info:    Font shape `OML/mak/m/it' will be
(Font)              scaled to size 6.29996pt on input line 5.
Requested font "kmath8a" at 6.29996pt
 -> e:/Latex/texlive/2022/texmf-dist/fonts/tfm/public/kerkis/kmath8a.tfm
Requested font "txsy" at 14.4pt
 -> e:/Latex/texlive/2022/texmf-dist/fonts/tfm/public/txfonts/txsy.tfm
Requested font "txsy" at 10.0pt
 -> e:/Latex/texlive/2022/texmf-dist/fonts/tfm/public/txfonts/txsy.tfm
Requested font "txsy" at 7.0pt
 -> e:/Latex/texlive/2022/texmf-dist/fonts/tfm/public/txfonts/txsy.tfm
Requested font "txex" at 14.4pt
 -> e:/Latex/texlive/2022/texmf-dist/fonts/tfm/public/txfonts/txex.tfm
Requested font "txex" at 10.0pt
 -> e:/Latex/texlive/2022/texmf-dist/fonts/tfm/public/txfonts/txex.tfm
Requested font "txex" at 7.0pt
 -> e:/Latex/texlive/2022/texmf-dist/fonts/tfm/public/txfonts/txex.tfm
Requested font "txsya" at 14.4pt
 -> e:/Latex/texlive/2022/texmf-dist/fonts/tfm/public/txfonts/txsya.tfm
Requested font "txsya" at 10.0pt
 -> e:/Latex/texlive/2022/texmf-dist/fonts/tfm/public/txfonts/txsya.tfm
Requested font "txsya" at 7.0pt
 -> e:/Latex/texlive/2022/texmf-dist/fonts/tfm/public/txfonts/txsya.tfm
Requested font "txsyb" at 14.4pt
 -> e:/Latex/texlive/2022/texmf-dist/fonts/tfm/public/txfonts/txsyb.tfm
Requested font "txsyb" at 10.0pt
 -> e:/Latex/texlive/2022/texmf-dist/fonts/tfm/public/txfonts/txsyb.tfm
Requested font "txsyb" at 7.0pt
 -> e:/Latex/texlive/2022/texmf-dist/fonts/tfm/public/txfonts/txsyb.tfm
Requested font "txi" at 14.4pt
 -> e:/Latex/texlive/2022/texmf-dist/fonts/tfm/public/txfonts/txi.tfm
Requested font "txi" at 10.0pt
 -> e:/Latex/texlive/2022/texmf-dist/fonts/tfm/public/txfonts/txi.tfm
Requested font "txi" at 7.0pt
 -> e:/Latex/texlive/2022/texmf-dist/fonts/tfm/public/txfonts/txi.tfm
Requested font "txmia" at 14.4pt
 -> e:/Latex/texlive/2022/texmf-dist/fonts/tfm/public/txfonts/txmia.tfm
Requested font "txmia" at 10.0pt
 -> e:/Latex/texlive/2022/texmf-dist/fonts/tfm/public/txfonts/txmia.tfm
Requested font "txmia" at 7.0pt
 -> e:/Latex/texlive/2022/texmf-dist/fonts/tfm/public/txfonts/txmia.tfm
Requested font "txsyc" at 14.4pt
 -> e:/Latex/texlive/2022/texmf-dist/fonts/tfm/public/txfonts/txsyc.tfm
Requested font "txsyc" at 10.0pt
 -> e:/Latex/texlive/2022/texmf-dist/fonts/tfm/public/txfonts/txsyc.tfm
Requested font "txsyc" at 7.0pt
 -> e:/Latex/texlive/2022/texmf-dist/fonts/tfm/public/txfonts/txsyc.tfm
Requested font "txexa" at 14.4pt
 -> e:/Latex/texlive/2022/texmf-dist/fonts/tfm/public/txfonts/txexa.tfm
Requested font "txexa" at 10.0pt
 -> e:/Latex/texlive/2022/texmf-dist/fonts/tfm/public/txfonts/txexa.tfm
Requested font "txexa" at 7.0pt
 -> e:/Latex/texlive/2022/texmf-dist/fonts/tfm/public/txfonts/txexa.tfm
LaTeX Font Info:    Font shape `T1/mak/m/n' will be
(Font)              scaled to size 12.9599pt on input line 5.
Requested font "ek8a" at 12.9599pt
 -> e:/Latex/texlive/2022/texmf-dist/fonts/tfm/public/kerkis/ek8a.tfm
LaTeX Font Info:    Font shape `T1/mak/m/n' will be
(Font)              scaled to size 8.99994pt on input line 5.
Requested font "ek8a" at 8.99994pt
 -> e:/Latex/texlive/2022/texmf-dist/fonts/tfm/public/kerkis/ek8a.tfm
LaTeX Font Info:    Font shape `T1/mak/m/n' will be
(Font)              scaled to size 6.29996pt on input line 5.
Requested font "ek8a" at 6.29996pt
 -> e:/Latex/texlive/2022/texmf-dist/fonts/tfm/public/kerkis/ek8a.tfm
Requested font "SimSun/OT:script=hani;language=dflt;" at 14.4pt
 -> C:/Windows/fonts/simsun.ttc
LaTeX Font Info:    Font shape `TU/TeXGyreTermesX(0)/m/n' will be
(Font)              scaled to size 10.95pt on input line 5.
Requested font "[TeXGyreTermesX-Regular.otf]/OT:script=latn;language=dflt;-ss05
;+tnum;+lnum;mapping=tex-text;" at 10.95pt
 -> e:/Latex/texlive/2022/texmf-dist/fonts/opentype/public/newtx/TeXGyreTermesX
-Regular.otf
Requested font "[TeXGyreTermesX-Regular.otf]/OT" at 10.94997pt
 -> e:/Latex/texlive/2022/texmf-dist/fonts/opentype/public/newtx/TeXGyreTermesX
-Regular.otf
Requested font "[TeXGyreTermesX-Regular.otf]/OT:script=latn;language=dflt;" at 
10.95003pt
 -> e:/Latex/texlive/2022/texmf-dist/fonts/opentype/public/newtx/TeXGyreTermesX
-Regular.otf
LaTeX Font Info:    Font shape `TU/TeXGyreTermesX(1)/m/n' will be
(Font)              scaled to size 10.95pt on input line 5.
Requested font "[TeXGyreTermesX-Regular.otf]/OT:script=latn;language=dflt;-ss05
;+tnum;+lnum;+sups;mapping=tex-text;" at 10.95pt
 -> e:/Latex/texlive/2022/texmf-dist/fonts/opentype/public/newtx/TeXGyreTermesX
-Regular.otf
Requested font "SimSun/OT:script=hani;language=dflt;" at 10.95pt
 -> C:/Windows/fonts/simsun.ttc
LaTeX Font Info:    Font shape `TU/TeXGyreTermesX(0)/b/n' will be
(Font)              scaled to size 10.95pt on input line 5.
Requested font "[TeXGyreTermesX-Bold.otf]/OT:script=latn;language=dflt;-ss05;+t
num;+lnum;mapping=tex-text;" at 10.95pt
 -> e:/Latex/texlive/2022/texmf-dist/fonts/opentype/public/newtx/TeXGyreTermesX
-Bold.otf
Requested font "SimHei/OT:script=hani;language=dflt;" at 10.95pt
 -> C:/Windows/fonts/simhei.ttf
Requested font "txr" at 10.95pt
 -> e:/Latex/texlive/2022/texmf-dist/fonts/tfm/public/txfonts/txr.tfm
Requested font "txr" at 8.0pt
 -> e:/Latex/texlive/2022/texmf-dist/fonts/tfm/public/txfonts/txr.tfm
Requested font "txr" at 6.0pt
 -> e:/Latex/texlive/2022/texmf-dist/fonts/tfm/public/txfonts/txr.tfm
LaTeX Font Info:    Font shape `OML/mak/m/it' will be
(Font)              scaled to size 9.85492pt on input line 5.
Requested font "kmath8a" at 9.85492pt
 -> e:/Latex/texlive/2022/texmf-dist/fonts/tfm/public/kerkis/kmath8a.tfm
LaTeX Font Info:    Font shape `OML/mak/m/it' will be
(Font)              scaled to size 7.19995pt on input line 5.
Requested font "kmath8a" at 7.19995pt
 -> e:/Latex/texlive/2022/texmf-dist/fonts/tfm/public/kerkis/kmath8a.tfm
LaTeX Font Info:    Font shape `OML/mak/m/it' will be
(Font)              scaled to size 5.39996pt on input line 5.
Requested font "kmath8a" at 5.39996pt
 -> e:/Latex/texlive/2022/texmf-dist/fonts/tfm/public/kerkis/kmath8a.tfm
Requested font "txsy" at 10.95pt
 -> e:/Latex/texlive/2022/texmf-dist/fonts/tfm/public/txfonts/txsy.tfm
Requested font "txsy" at 8.0pt
 -> e:/Latex/texlive/2022/texmf-dist/fonts/tfm/public/txfonts/txsy.tfm
Requested font "txsy" at 6.0pt
 -> e:/Latex/texlive/2022/texmf-dist/fonts/tfm/public/txfonts/txsy.tfm
Requested font "txex" at 10.95pt
 -> e:/Latex/texlive/2022/texmf-dist/fonts/tfm/public/txfonts/txex.tfm
Requested font "txex" at 8.0pt
 -> e:/Latex/texlive/2022/texmf-dist/fonts/tfm/public/txfonts/txex.tfm
Requested font "txex" at 6.0pt
 -> e:/Latex/texlive/2022/texmf-dist/fonts/tfm/public/txfonts/txex.tfm
Requested font "txsya" at 10.95pt
 -> e:/Latex/texlive/2022/texmf-dist/fonts/tfm/public/txfonts/txsya.tfm
Requested font "txsya" at 8.0pt
 -> e:/Latex/texlive/2022/texmf-dist/fonts/tfm/public/txfonts/txsya.tfm
Requested font "txsya" at 6.0pt
 -> e:/Latex/texlive/2022/texmf-dist/fonts/tfm/public/txfonts/txsya.tfm
Requested font "txsyb" at 10.95pt
 -> e:/Latex/texlive/2022/texmf-dist/fonts/tfm/public/txfonts/txsyb.tfm
Requested font "txsyb" at 8.0pt
 -> e:/Latex/texlive/2022/texmf-dist/fonts/tfm/public/txfonts/txsyb.tfm
Requested font "txsyb" at 6.0pt
 -> e:/Latex/texlive/2022/texmf-dist/fonts/tfm/public/txfonts/txsyb.tfm
Requested font "txi" at 10.95pt
 -> e:/Latex/texlive/2022/texmf-dist/fonts/tfm/public/txfonts/txi.tfm
Requested font "txi" at 8.0pt
 -> e:/Latex/texlive/2022/texmf-dist/fonts/tfm/public/txfonts/txi.tfm
Requested font "txi" at 6.0pt
 -> e:/Latex/texlive/2022/texmf-dist/fonts/tfm/public/txfonts/txi.tfm
Requested font "txmia" at 10.95pt
 -> e:/Latex/texlive/2022/texmf-dist/fonts/tfm/public/txfonts/txmia.tfm
Requested font "txmia" at 8.0pt
 -> e:/Latex/texlive/2022/texmf-dist/fonts/tfm/public/txfonts/txmia.tfm
Requested font "txmia" at 6.0pt
 -> e:/Latex/texlive/2022/texmf-dist/fonts/tfm/public/txfonts/txmia.tfm
Requested font "txsyc" at 10.95pt
 -> e:/Latex/texlive/2022/texmf-dist/fonts/tfm/public/txfonts/txsyc.tfm
Requested font "txsyc" at 8.0pt
 -> e:/Latex/texlive/2022/texmf-dist/fonts/tfm/public/txfonts/txsyc.tfm
Requested font "txsyc" at 6.0pt
 -> e:/Latex/texlive/2022/texmf-dist/fonts/tfm/public/txfonts/txsyc.tfm
Requested font "txexa" at 10.95pt
 -> e:/Latex/texlive/2022/texmf-dist/fonts/tfm/public/txfonts/txexa.tfm
Requested font "txexa" at 8.0pt
 -> e:/Latex/texlive/2022/texmf-dist/fonts/tfm/public/txfonts/txexa.tfm
Requested font "txexa" at 6.0pt
 -> e:/Latex/texlive/2022/texmf-dist/fonts/tfm/public/txfonts/txexa.tfm
LaTeX Font Info:    Font shape `T1/mak/m/n' will be
(Font)              scaled to size 9.85492pt on input line 5.
Requested font "ek8a" at 9.85492pt
 -> e:/Latex/texlive/2022/texmf-dist/fonts/tfm/public/kerkis/ek8a.tfm
LaTeX Font Info:    Font shape `T1/mak/m/n' will be
(Font)              scaled to size 7.19995pt on input line 5.
Requested font "ek8a" at 7.19995pt
 -> e:/Latex/texlive/2022/texmf-dist/fonts/tfm/public/kerkis/ek8a.tfm
LaTeX Font Info:    Font shape `T1/mak/m/n' will be
(Font)              scaled to size 5.39996pt on input line 5.
Requested font "ek8a" at 5.39996pt
 -> e:/Latex/texlive/2022/texmf-dist/fonts/tfm/public/kerkis/ek8a.tfm
 [1



]
Requested font "SimHei/OT:script=hani;language=dflt;" at 24.88pt
 -> C:/Windows/fonts/simhei.ttf
LaTeX Font Info:    Font shape `TU/TeXGyreTermesX(0)/b/n' will be
(Font)              scaled to size 14.4pt on input line 14.
Requested font "[TeXGyreTermesX-Bold.otf]/OT:script=latn;language=dflt;-ss05;+t
num;+lnum;mapping=tex-text;" at 14.4pt
 -> e:/Latex/texlive/2022/texmf-dist/fonts/opentype/public/newtx/TeXGyreTermesX
-Bold.otf
Requested font "SimHei/OT:script=hani;language=dflt;" at 14.4pt
 -> C:/Windows/fonts/simhei.ttf
Requested font "txr" at 12.0pt
 -> e:/Latex/texlive/2022/texmf-dist/fonts/tfm/public/txfonts/txr.tfm
LaTeX Font Info:    Font shape `OML/mak/m/it' will be
(Font)              scaled to size 10.79993pt on input line 21.
Requested font "kmath8a" at 10.79993pt
 -> e:/Latex/texlive/2022/texmf-dist/fonts/tfm/public/kerkis/kmath8a.tfm
Requested font "txsy" at 12.0pt
 -> e:/Latex/texlive/2022/texmf-dist/fonts/tfm/public/txfonts/txsy.tfm
Requested font "txex" at 12.0pt
 -> e:/Latex/texlive/2022/texmf-dist/fonts/tfm/public/txfonts/txex.tfm
Requested font "txsya" at 12.0pt
 -> e:/Latex/texlive/2022/texmf-dist/fonts/tfm/public/txfonts/txsya.tfm
Requested font "txsyb" at 12.0pt
 -> e:/Latex/texlive/2022/texmf-dist/fonts/tfm/public/txfonts/txsyb.tfm
Requested font "txi" at 12.0pt
 -> e:/Latex/texlive/2022/texmf-dist/fonts/tfm/public/txfonts/txi.tfm
Requested font "txmia" at 12.0pt
 -> e:/Latex/texlive/2022/texmf-dist/fonts/tfm/public/txfonts/txmia.tfm
Requested font "txsyc" at 12.0pt
 -> e:/Latex/texlive/2022/texmf-dist/fonts/tfm/public/txfonts/txsyc.tfm
Requested font "txexa" at 12.0pt
 -> e:/Latex/texlive/2022/texmf-dist/fonts/tfm/public/txfonts/txexa.tfm
LaTeX Font Info:    Font shape `T1/mak/m/n' will be
(Font)              scaled to size 10.79993pt on input line 21.
Requested font "ek8a" at 10.79993pt
 -> e:/Latex/texlive/2022/texmf-dist/fonts/tfm/public/kerkis/ek8a.tfm
Requested font "SimSun/OT:script=hani;language=dflt;" at 12.0pt
 -> C:/Windows/fonts/simsun.ttc
 [1]
(./main.toc
LaTeX Font Info:    Font shape `TU/TeXGyreTermesX(0)/b/n' will be
(Font)              scaled to size 12.0pt on input line 1.
Requested font "[TeXGyreTermesX-Bold.otf]/OT:script=latn;language=dflt;-ss05;+t
num;+lnum;mapping=tex-text;" at 12.0pt
 -> e:/Latex/texlive/2022/texmf-dist/fonts/opentype/public/newtx/TeXGyreTermesX
-Bold.otf
Requested font "SimHei/OT:script=hani;language=dflt;" at 12.0pt
 -> C:/Windows/fonts/simhei.ttf
)
\tf@toc=\write4
\openout4 = `main.toc'.

 [1

])
\openout2 = `chap1/chap.aux'.

 (./chap1/chap.tex

[1




]


Package hyperref Warning: Token not allowed in a PDF string (Unicode):
(hyperref)                removing `math shift' on input line 22.


Package hyperref Warning: Token not allowed in a PDF string (Unicode):
(hyperref)                removing `\leavevmode@ifvmode' on input line 22.


Package hyperref Warning: Token not allowed in a PDF string (Unicode):
(hyperref)                \kern 2.00043pt
(hyperref)                removed on input line 22.


Package hyperref Warning: Token not allowed in a PDF string (Unicode):
(hyperref)                removing `\leavevmode@ifvmode' on input line 22.


Package hyperref Warning: Token not allowed in a PDF string (Unicode):
(hyperref)                \kern 2.00043pt
(hyperref)                removed on input line 22.


Package hyperref Warning: Token not allowed in a PDF string (Unicode):
(hyperref)                removing `math shift' on input line 22.

LaTeX Font Info:    Font shape `TU/TeXGyreTermesX(0)/m/n' will be
(Font)              scaled to size 17.28pt on input line 23.
Requested font "[TeXGyreTermesX-Regular.otf]/OT:script=latn;language=dflt;-ss05
;+tnum;+lnum;mapping=tex-text;" at 17.28pt
 -> e:/Latex/texlive/2022/texmf-dist/fonts/opentype/public/newtx/TeXGyreTermesX
-Regular.otf
LaTeX Font Info:    Font shape `TU/TeXGyreTermesX(0)/b/n' will be
(Font)              scaled to size 17.28pt on input line 23.
Requested font "[TeXGyreTermesX-Bold.otf]/OT:script=latn;language=dflt;-ss05;+t
num;+lnum;mapping=tex-text;" at 17.28pt
 -> e:/Latex/texlive/2022/texmf-dist/fonts/opentype/public/newtx/TeXGyreTermesX
-Bold.otf
Requested font "SimHei/OT:script=hani;language=dflt;" at 17.28pt
 -> C:/Windows/fonts/simhei.ttf

Overfull \hbox (54.02733pt too wide) in paragraph at lines 59--67
[]$\OML/mak/m/it/12 Consider  M[] \OT1/txr/m/n/12 = []   \OML/mak/m/it/12 equip
ped  with  the  usual  matrix  addition  and  multiplication:$ 
 []


Underfull \hbox (badness 10000) in paragraph at lines 59--67

 []

[2

]
LaTeX Font Info:    Font shape `TU/TeXGyreTermesX(0)/m/n' will be
(Font)              scaled to size 8.0pt on input line 96.
Requested font "[TeXGyreTermesX-Regular.otf]/OT:script=latn;language=dflt;-ss05
;+tnum;+lnum;mapping=tex-text;" at 8.0pt
 -> e:/Latex/texlive/2022/texmf-dist/fonts/opentype/public/newtx/TeXGyreTermesX
-Regular.otf
Requested font "SimSun/OT:script=hani;language=dflt;" at 8.0pt
 -> C:/Windows/fonts/simsun.ttc
LaTeX Font Info:    Font shape `TU/TeXGyreTermesX(0)/m/n' will be
(Font)              scaled to size 6.0pt on input line 96.
Requested font "[TeXGyreTermesX-Regular.otf]/OT:script=latn;language=dflt;-ss05
;+tnum;+lnum;mapping=tex-text;" at 6.0pt
 -> e:/Latex/texlive/2022/texmf-dist/fonts/opentype/public/newtx/TeXGyreTermesX
-Regular.otf
Requested font "SimSun/OT:script=hani;language=dflt;" at 6.0pt
 -> C:/Windows/fonts/simsun.ttc
 [3] [4] [5]

Package hyperref Warning: Token not allowed in a PDF string (Unicode):
(hyperref)                removing `math shift' on input line 183.


Package hyperref Warning: Token not allowed in a PDF string (Unicode):
(hyperref)                removing `math shift' on input line 183.

Requested font "[TeXGyreTermesX-Bold.otf]/OT:script=latn;language=dflt;-ss05;+t
num;+lnum;mapping=tex-text;" at 8.0pt
 -> e:/Latex/texlive/2022/texmf-dist/fonts/opentype/public/newtx/TeXGyreTermesX
-Bold.otf
Requested font "SimHei/OT:script=hani;language=dflt;" at 8.0pt
 -> C:/Windows/fonts/simhei.ttf
Requested font "txr" at 5.0pt
 -> e:/Latex/texlive/2022/texmf-dist/fonts/tfm/public/txfonts/txr.tfm
Requested font "kmath8a" at 4.49997pt
 -> e:/Latex/texlive/2022/texmf-dist/fonts/tfm/public/kerkis/kmath8a.tfm
Requested font "txsy" at 5.0pt
 -> e:/Latex/texlive/2022/texmf-dist/fonts/tfm/public/txfonts/txsy.tfm
Requested font "txex" at 5.0pt
 -> e:/Latex/texlive/2022/texmf-dist/fonts/tfm/public/txfonts/txex.tfm
Requested font "txsya" at 5.0pt
 -> e:/Latex/texlive/2022/texmf-dist/fonts/tfm/public/txfonts/txsya.tfm
Requested font "txsyb" at 5.0pt
 -> e:/Latex/texlive/2022/texmf-dist/fonts/tfm/public/txfonts/txsyb.tfm
Requested font "txi" at 5.0pt
 -> e:/Latex/texlive/2022/texmf-dist/fonts/tfm/public/txfonts/txi.tfm
Requested font "txmia" at 5.0pt
 -> e:/Latex/texlive/2022/texmf-dist/fonts/tfm/public/txfonts/txmia.tfm
Requested font "txsyc" at 5.0pt
 -> e:/Latex/texlive/2022/texmf-dist/fonts/tfm/public/txfonts/txsyc.tfm
Requested font "txexa" at 5.0pt
 -> e:/Latex/texlive/2022/texmf-dist/fonts/tfm/public/txfonts/txexa.tfm
Requested font "ek8a" at 4.49997pt
 -> e:/Latex/texlive/2022/texmf-dist/fonts/tfm/public/kerkis/ek8a.tfm
Requested font "[TeXGyreTermesX-Bold.otf]/OT:script=latn;language=dflt;-ss05;+t
num;+lnum;mapping=tex-text;" at 6.0pt
 -> e:/Latex/texlive/2022/texmf-dist/fonts/opentype/public/newtx/TeXGyreTermesX
-Bold.otf
Requested font "SimHei/OT:script=hani;language=dflt;" at 6.0pt
 -> C:/Windows/fonts/simhei.ttf
[6] [7]

Package hyperref Warning: Token not allowed in a PDF string (Unicode):
(hyperref)                removing `math shift' on input line 270.


Package hyperref Warning: Token not allowed in a PDF string (Unicode):
(hyperref)                removing `math shift' on input line 270.


Package hyperref Warning: Token not allowed in a PDF string (Unicode):
(hyperref)                removing `math shift' on input line 270.


Package hyperref Warning: Token not allowed in a PDF string (Unicode):
(hyperref)                removing `math shift' on input line 270.

[8]

Package hyperref Warning: Token not allowed in a PDF string (Unicode):
(hyperref)                removing `math shift' on input line 320.


Package hyperref Warning: Token not allowed in a PDF string (Unicode):
(hyperref)                removing `math shift' on input line 320.

[9]


Package hyperref Warning: Token not allowed in a PDF string (Unicode):
(hyperref)                removing `math shift' on input line 363.


Package hyperref Warning: Token not allowed in a PDF string (Unicode):
(hyperref)                removing `\leavevmode@ifvmode' on input line 363.


Package hyperref Warning: Token not allowed in a PDF string (Unicode):
(hyperref)                \kern 2.00043pt
(hyperref)                removed on input line 363.


Package hyperref Warning: Token not allowed in a PDF string (Unicode):
(hyperref)                removing `\leavevmode@ifvmode' on input line 363.


Package hyperref Warning: Token not allowed in a PDF string (Unicode):
(hyperref)                \kern 2.00043pt
(hyperref)                removed on input line 363.


Package hyperref Warning: Token not allowed in a PDF string (Unicode):
(hyperref)                removing `\leavevmode@ifvmode' on input line 363.


Package hyperref Warning: Token not allowed in a PDF string (Unicode):
(hyperref)                \kern 2.00043pt
(hyperref)                removed on input line 363.


Package hyperref Warning: Token not allowed in a PDF string (Unicode):
(hyperref)                removing `\leavevmode@ifvmode' on input line 363.


Package hyperref Warning: Token not allowed in a PDF string (Unicode):
(hyperref)                \kern 2.00043pt
(hyperref)                removed on input line 363.


Package hyperref Warning: Token not allowed in a PDF string (Unicode):
(hyperref)                removing `\leavevmode@ifvmode' on input line 363.


Package hyperref Warning: Token not allowed in a PDF string (Unicode):
(hyperref)                \kern 2.00043pt
(hyperref)                removed on input line 363.


Package hyperref Warning: Token not allowed in a PDF string (Unicode):
(hyperref)                removing `\leavevmode@ifvmode' on input line 363.


Package hyperref Warning: Token not allowed in a PDF string (Unicode):
(hyperref)                \kern 2.00043pt
(hyperref)                removed on input line 363.


Package hyperref Warning: Token not allowed in a PDF string (Unicode):
(hyperref)                removing `\leavevmode@ifvmode' on input line 363.


Package hyperref Warning: Token not allowed in a PDF string (Unicode):
(hyperref)                \kern 2.00043pt
(hyperref)                removed on input line 363.


Package hyperref Warning: Token not allowed in a PDF string (Unicode):
(hyperref)                removing `\leavevmode@ifvmode' on input line 363.


Package hyperref Warning: Token not allowed in a PDF string (Unicode):
(hyperref)                \kern 2.00043pt
(hyperref)                removed on input line 363.


Package hyperref Warning: Token not allowed in a PDF string (Unicode):
(hyperref)                removing `\leavevmode@ifvmode' on input line 363.


Package hyperref Warning: Token not allowed in a PDF string (Unicode):
(hyperref)                \kern 2.00043pt
(hyperref)                removed on input line 363.


Package hyperref Warning: Token not allowed in a PDF string (Unicode):
(hyperref)                removing `\leavevmode@ifvmode' on input line 363.


Package hyperref Warning: Token not allowed in a PDF string (Unicode):
(hyperref)                \kern 2.00043pt
(hyperref)                removed on input line 363.


Package hyperref Warning: Token not allowed in a PDF string (Unicode):
(hyperref)                removing `math shift' on input line 363.

[10

]
Overfull \hbox (15.29564pt too wide) in paragraph at lines 437--439
[][][]\TU/SimSun(0)/b/n/12   \TU/TeXGyreTermesX(0)/b/n/12 2.1.2. []$\OML/mak/
m/it/12 A  continuous  function  on  a  compact  set  \OT1/txr/m/n/12 
  \OML/mak/m/it/12 is  bounded  and  attains  a  maximum$ 
 []

[11]
Overfull \hbox (19.10298pt too wide) in paragraph at lines 461--464
[][][]\TU/SimSun(0)/b/n/12   \TU/TeXGyreTermesX(0)/b/n/12 2.2.2. []$\OML/mak/
m/it/12 Let  \OT1/txr/m/n/12 
 \OMS/txsy/m/n/12  \U/txsyb/m/n/12 C  \OML/mak/m/it/12 be  open;   f \OT1/txr/
m/n/12 : 
 [][]\OMS/txsy/m/n/12 ! \U/txsyb/m/n/12 C\OML/mak/m/it/12 :  We  say  f\OT1/txr
/m/n/12 (\OML/mak/m/it/12 z\OT1/txr/m/n/12 )  \OML/mak/m/it/12 is  []$ 
 []


Overfull \hbox (11.15636pt too wide) in paragraph at lines 461--464
\OML/mak/m/it/12 if  [][]  exists:  If  f  is  complex  differentiableat  z[]; 
  we  denote  the  limit  of  the  quotient$ 
 []


Overfull \hbox (16.98767pt too wide) in paragraph at lines 470--471
[][][]\TU/SimSun(0)/b/n/12 \TU/TeXGyreTermesX(0)/b/n/12 . [][]$\OML/mak/m/it/1
2 If  f  is  complex  differentiable  at  every  point  of  \OT1/txr/m/n/12 
\OML/mak/m/it/12 ;   then  we  say  f  is  []  on  \OT1/txr/m/n/12 
\OML/mak/m/it/12 :$ 
 []

[12] [13]

Package hyperref Warning: Token not allowed in a PDF string (Unicode):
(hyperref)                removing `math shift' on input line 515.


Package hyperref Warning: Token not allowed in a PDF string (Unicode):
(hyperref)                removing `\leavevmode@ifvmode' on input line 515.


Package hyperref Warning: Token not allowed in a PDF string (Unicode):
(hyperref)                \kern 2.00043pt
(hyperref)                removed on input line 515.


Package hyperref Warning: Token not allowed in a PDF string (Unicode):
(hyperref)                removing `\leavevmode@ifvmode' on input line 515.


Package hyperref Warning: Token not allowed in a PDF string (Unicode):
(hyperref)                \kern 2.00043pt
(hyperref)                removed on input line 515.


Package hyperref Warning: Token not allowed in a PDF string (Unicode):
(hyperref)                removing `math shift' on input line 515.

[14]
Underfull \hbox (badness 10000) in paragraph at lines 564--567

 []

[15] [16] [17] [18] [19]

Package hyperref Warning: Token not allowed in a PDF string (Unicode):
(hyperref)                removing `math shift' on input line 746.


Package hyperref Warning: Token not allowed in a PDF string (Unicode):
(hyperref)                removing `math shift' on input line 746.

[20]


Package hyperref Warning: Token not allowed in a PDF string (Unicode):
(hyperref)                removing `math shift' on input line 799.


Package hyperref Warning: Token not allowed in a PDF string (Unicode):
(hyperref)                removing `\leavevmode@ifvmode' on input line 799.


Package hyperref Warning: Token not allowed in a PDF string (Unicode):
(hyperref)                \kern 2.00043pt
(hyperref)                removed on input line 799.


Package hyperref Warning: Token not allowed in a PDF string (Unicode):
(hyperref)                removing `\leavevmode@ifvmode' on input line 799.


Package hyperref Warning: Token not allowed in a PDF string (Unicode):
(hyperref)                \kern 2.00043pt
(hyperref)                removed on input line 799.


Package hyperref Warning: Token not allowed in a PDF string (Unicode):
(hyperref)                removing `math shift' on input line 799.

[21

] [22] [23] [24] [25]

Package hyperref Warning: Token not allowed in a PDF string (Unicode):
(hyperref)                removing `math shift' on input line 1007.


Package hyperref Warning: Token not allowed in a PDF string (Unicode):
(hyperref)                removing `math shift' on input line 1007.

[26] [27] [28]
Underfull \hbox (badness 10000) in paragraph at lines 1130--1137

 []

[29]

Package hyperref Warning: Token not allowed in a PDF string (Unicode):
(hyperref)                removing `math shift' on input line 1165.


Package hyperref Warning: Token not allowed in a PDF string (Unicode):
(hyperref)                removing `math shift' on input line 1165.

[30]


Package hyperref Warning: Token not allowed in a PDF string (Unicode):
(hyperref)                removing `math shift' on input line 1184.


Package hyperref Warning: Token not allowed in a PDF string (Unicode):
(hyperref)                removing `\leavevmode@ifvmode' on input line 1184.


Package hyperref Warning: Token not allowed in a PDF string (Unicode):
(hyperref)                \kern 2.00043pt
(hyperref)                removed on input line 1184.


Package hyperref Warning: Token not allowed in a PDF string (Unicode):
(hyperref)                removing `\leavevmode@ifvmode' on input line 1184.


Package hyperref Warning: Token not allowed in a PDF string (Unicode):
(hyperref)                \kern 2.00043pt
(hyperref)                removed on input line 1184.


Package hyperref Warning: Token not allowed in a PDF string (Unicode):
(hyperref)                removing `math shift' on input line 1184.

[31

] [32] [33] [34]) [35] (./main.aux (./config/cover.aux) (./chap1/chap.aux))
Package rerunfilecheck Info: File `main.out' has not changed.
(rerunfilecheck)             Checksum: 3423AF1CF1ECFF7252321A00E4B4270D;2668.
 ) 
Here is how much of TeX's memory you used:
 19496 strings out of 476179
 407841 string characters out of 5810426
 732806 words of memory out of 5000000
 39863 multiletter control sequences out of 15000+600000
 512157 words of font info for 211 fonts, out of 8000000 for 9000
 1348 hyphenation exceptions out of 8191
 94i,18n,104p,409b,807s stack positions out of 10000i,1000n,20000p,200000b,200000s

Output written on main.pdf (38 pages).
